2016-11-08 21:29:02 - PHP Notice:  Undefined variable: heading_title in /Applications/MAMP/htdocs/opencart/catalog/view/theme/mycustomtheme/template/common/home.tpl on line 9
2016-11-08 21:34:02 - PHP Notice:  Undefined variable: heading_title in /Applications/MAMP/htdocs/opencart/catalog/view/theme/mycustomtheme/template/common/home.tpl on line 9
2016-11-08 21:34:05 - PHP Notice:  Undefined variable: heading_title in /Applications/MAMP/htdocs/opencart/catalog/view/theme/mycustomtheme/template/common/home.tpl on line 9
2016-11-08 21:35:48 - PHP Notice:  Undefined variable: heading_title in /Applications/MAMP/htdocs/opencart/catalog/view/theme/mycustomtheme/template/common/home.tpl on line 9
2016-11-08 21:36:06 - PHP Notice:  Undefined variable: heading_title in /Applications/MAMP/htdocs/opencart/catalog/view/theme/mycustomtheme/template/common/home.tpl on line 9
2016-11-08 21:38:01 - PHP Notice:  Undefined variable: heading_title in /Applications/MAMP/htdocs/opencart/catalog/view/theme/mycustomtheme/template/common/home.tpl on line 9
2016-11-08 21:38:06 - PHP Notice:  Undefined variable: heading_title in /Applications/MAMP/htdocs/opencart/catalog/view/theme/mycustomtheme/template/common/home.tpl on line 9
2016-11-08 21:38:31 - PHP Notice:  Undefined variable: heading_title in /Applications/MAMP/htdocs/opencart/catalog/view/theme/mycustomtheme/template/common/home.tpl on line 9
2016-11-08 21:38:42 - PHP Notice:  Undefined variable: heading_title in /Applications/MAMP/htdocs/opencart/catalog/view/theme/mycustomtheme/template/common/home.tpl on line 9
2016-11-08 21:38:54 - PHP Notice:  Undefined variable: heading_title in /Applications/MAMP/htdocs/opencart/catalog/view/theme/mycustomtheme/template/common/home.tpl on line 9
2016-11-08 21:39:14 - PHP Notice:  Undefined variable: heading_title in /Applications/MAMP/htdocs/opencart/catalog/view/theme/mycustomtheme/template/common/home.tpl on line 9
2016-11-08 21:41:10 - PHP Notice:  Undefined variable: heading_title in /Applications/MAMP/htdocs/opencart/catalog/view/theme/mycustomtheme/template/common/home.tpl on line 9
2016-11-08 21:44:11 - PHP Notice:  Undefined variable: heading_title in /Applications/MAMP/htdocs/opencart/catalog/view/theme/mycustomtheme/template/common/home.tpl on line 9
2016-11-08 21:56:28 - PHP Notice:  Undefined variable: heading_title in /Applications/MAMP/htdocs/opencart/catalog/view/theme/mycustomtheme/template/common/home.tpl on line 9
2016-11-08 21:57:54 - PHP Notice:  Undefined variable: heading_title in /Applications/MAMP/htdocs/opencart/catalog/view/theme/mycustomtheme/template/common/home.tpl on line 9
2016-11-08 21:58:12 - PHP Notice:  Undefined variable: heading_title in /Applications/MAMP/htdocs/opencart/catalog/view/theme/mycustomtheme/template/common/home.tpl on line 9
2016-11-08 22:00:26 - PHP Notice:  Undefined variable: heading_title in /Applications/MAMP/htdocs/opencart/catalog/view/theme/mycustomtheme/template/common/home.tpl on line 9
2016-11-08 22:03:26 - PHP Notice:  Undefined variable: heading_title in /Applications/MAMP/htdocs/opencart/catalog/view/theme/mycustomtheme/template/common/home.tpl on line 9
2016-11-08 22:03:58 - PHP Notice:  Undefined variable: heading_title in /Applications/MAMP/htdocs/opencart/catalog/view/theme/mycustomtheme/template/common/home.tpl on line 9
2016-11-08 22:04:03 - PHP Notice:  Undefined variable: heading_title in /Applications/MAMP/htdocs/opencart/catalog/view/theme/mycustomtheme/template/common/home.tpl on line 9
2016-11-08 22:04:14 - PHP Notice:  Undefined variable: heading_title in /Applications/MAMP/htdocs/opencart/catalog/view/theme/mycustomtheme/template/common/home.tpl on line 9
2016-11-08 22:04:32 - PHP Notice:  Undefined variable: heading_title in /Applications/MAMP/htdocs/opencart/catalog/view/theme/mycustomtheme/template/common/home.tpl on line 9
2016-11-08 22:05:40 - PHP Notice:  Undefined variable: heading_title in /Applications/MAMP/htdocs/opencart/catalog/view/theme/mycustomtheme/template/common/home.tpl on line 9
2016-11-08 22:05:45 - PHP Notice:  Undefined variable: heading_title in /Applications/MAMP/htdocs/opencart/catalog/view/theme/mycustomtheme/template/common/home.tpl on line 9
2016-11-08 22:05:51 - PHP Notice:  Undefined variable: heading_title in /Applications/MAMP/htdocs/opencart/catalog/view/theme/mycustomtheme/template/common/home.tpl on line 9
2016-11-08 22:07:30 - PHP Notice:  Undefined variable: heading_title in /Applications/MAMP/htdocs/opencart/catalog/view/theme/mycustomtheme/template/common/home.tpl on line 9
2016-11-08 22:07:38 - PHP Notice:  Undefined variable: heading_title in /Applications/MAMP/htdocs/opencart/catalog/view/theme/mycustomtheme/template/common/home.tpl on line 9
2016-11-08 22:07:59 - PHP Notice:  Undefined variable: heading_title in /Applications/MAMP/htdocs/opencart/catalog/view/theme/mycustomtheme/template/common/home.tpl on line 9
2016-11-08 22:08:06 - PHP Notice:  Undefined variable: heading_title in /Applications/MAMP/htdocs/opencart/catalog/view/theme/mycustomtheme/template/common/home.tpl on line 9
2016-11-08 22:11:41 - PHP Notice:  Undefined variable: heading_title in /Applications/MAMP/htdocs/opencart/catalog/view/theme/mycustomtheme/template/common/home.tpl on line 9
2016-11-08 22:11:44 - PHP Notice:  Undefined variable: heading_title in /Applications/MAMP/htdocs/opencart/catalog/view/theme/mycustomtheme/template/common/home.tpl on line 9
2016-11-08 22:11:55 - PHP Notice:  Undefined variable: heading_title in /Applications/MAMP/htdocs/opencart/catalog/view/theme/mycustomtheme/template/common/home.tpl on line 9
2016-11-08 22:15:29 - PHP Notice:  Undefined variable: heading_title in /Applications/MAMP/htdocs/opencart/catalog/view/theme/mycustomtheme/template/common/home.tpl on line 9
2016-11-08 22:15:49 - PHP Notice:  Undefined variable: heading_title in /Applications/MAMP/htdocs/opencart/catalog/view/theme/mycustomtheme/template/common/home.tpl on line 9
2016-11-08 22:16:48 - PHP Notice:  Undefined variable: heading_title in /Applications/MAMP/htdocs/opencart/catalog/view/theme/mycustomtheme/template/common/home.tpl on line 9
2016-11-08 22:17:32 - PHP Notice:  Undefined variable: heading_title in /Applications/MAMP/htdocs/opencart/catalog/view/theme/mycustomtheme/template/common/home.tpl on line 9
2016-11-08 22:21:24 - PHP Notice:  Undefined variable: heading_title in /Applications/MAMP/htdocs/opencart/catalog/view/theme/mycustomtheme/template/common/home.tpl on line 9
2016-11-08 22:21:28 - PHP Notice:  Undefined variable: heading_title in /Applications/MAMP/htdocs/opencart/catalog/view/theme/mycustomtheme/template/common/home.tpl on line 9
2016-11-08 22:22:51 - PHP Notice:  Undefined variable: heading_title in /Applications/MAMP/htdocs/opencart/catalog/view/theme/mycustomtheme/template/common/home.tpl on line 9
2016-11-08 22:25:54 - PHP Notice:  Undefined variable: heading_title in /Applications/MAMP/htdocs/opencart/catalog/view/theme/mycustomtheme/template/common/home.tpl on line 9
2016-11-08 22:27:19 - PHP Notice:  Undefined variable: heading_title in /Applications/MAMP/htdocs/opencart/catalog/view/theme/mycustomtheme/template/common/home.tpl on line 9
2016-11-08 22:28:11 - PHP Notice:  Undefined variable: heading_title in /Applications/MAMP/htdocs/opencart/catalog/view/theme/mycustomtheme/template/common/home.tpl on line 9
2016-11-08 22:29:19 - PHP Notice:  Undefined variable: heading_title in /Applications/MAMP/htdocs/opencart/catalog/view/theme/mycustomtheme/template/common/home.tpl on line 9
2016-11-08 22:30:09 - PHP Notice:  Undefined variable: heading_title in /Applications/MAMP/htdocs/opencart/catalog/view/theme/mycustomtheme/template/common/home.tpl on line 9
2016-11-08 22:31:39 - PHP Notice:  Undefined variable: heading_title in /Applications/MAMP/htdocs/opencart/catalog/view/theme/mycustomtheme/template/common/home.tpl on line 9
2016-11-08 23:27:11 - PHP Notice:  Undefined variable: heading_title in /Applications/MAMP/htdocs/opencart/catalog/view/theme/mycustomtheme/template/common/home.tpl on line 9
2016-11-08 23:28:43 - PHP Notice:  Undefined variable: heading_title in /Applications/MAMP/htdocs/opencart/catalog/view/theme/mycustomtheme/template/common/home.tpl on line 9
2016-11-08 23:28:54 - PHP Notice:  Undefined variable: heading_title in /Applications/MAMP/htdocs/opencart/catalog/view/theme/mycustomtheme/template/common/home.tpl on line 9
2016-11-08 23:30:14 - PHP Notice:  Undefined variable: heading_title in /Applications/MAMP/htdocs/opencart/catalog/view/theme/mycustomtheme/template/common/home.tpl on line 9
2016-11-09 18:10:59 - PHP Notice:  Undefined variable: heading_title in /Applications/MAMP/htdocs/opencart/catalog/view/theme/mycustomtheme/template/common/home.tpl on line 9
2016-11-09 18:12:37 - PHP Notice:  Undefined variable: heading_title in /Applications/MAMP/htdocs/opencart/catalog/view/theme/mycustomtheme/template/common/home.tpl on line 9
2016-11-09 18:39:31 - PHP Notice:  Undefined variable: heading_title in /Applications/MAMP/htdocs/opencart/catalog/view/theme/mycustomtheme/template/common/home.tpl on line 9
2016-11-09 19:03:42 - PHP Notice:  Undefined variable: heading_title in /Applications/MAMP/htdocs/opencart/catalog/view/theme/mycustomtheme/template/common/home.tpl on line 9
2016-11-09 19:04:01 - PHP Notice:  Undefined variable: heading_title in /Applications/MAMP/htdocs/opencart/catalog/view/theme/mycustomtheme/template/common/home.tpl on line 9
2016-11-09 21:35:40 - PHP Notice:  Undefined variable: heading_title in /Applications/MAMP/htdocs/opencart/catalog/view/theme/mycustomtheme/template/common/home.tpl on line 9
2016-11-09 21:36:01 - PHP Notice:  Undefined variable: heading_title in /Applications/MAMP/htdocs/opencart/catalog/view/theme/mycustomtheme/template/common/home.tpl on line 9
2016-11-09 21:36:20 - PHP Notice:  Undefined variable: heading_title in /Applications/MAMP/htdocs/opencart/catalog/view/theme/mycustomtheme/template/common/home.tpl on line 9
2016-11-09 21:47:04 - PHP Notice:  Undefined variable: heading_title in /Applications/MAMP/htdocs/opencart/catalog/view/theme/mycustomtheme/template/common/home.tpl on line 9
2016-11-09 22:01:43 - PHP Notice:  Undefined variable: heading_title in /Applications/MAMP/htdocs/opencart/catalog/view/theme/mycustomtheme/template/common/home.tpl on line 9
2016-11-09 22:08:55 - PHP Notice:  Undefined variable: heading_title in /Applications/MAMP/htdocs/opencart/catalog/view/theme/mycustomtheme/template/common/home.tpl on line 9
2016-11-09 22:09:45 - PHP Notice:  Undefined variable: heading_title in /Applications/MAMP/htdocs/opencart/catalog/view/theme/mycustomtheme/template/common/home.tpl on line 9
2016-11-09 22:10:20 - PHP Notice:  Undefined variable: heading_title in /Applications/MAMP/htdocs/opencart/catalog/view/theme/mycustomtheme/template/common/home.tpl on line 9
2016-11-09 22:10:27 - PHP Notice:  Undefined variable: heading_title in /Applications/MAMP/htdocs/opencart/catalog/view/theme/mycustomtheme/template/common/home.tpl on line 9
2016-11-09 22:10:54 - PHP Notice:  Undefined variable: heading_title in /Applications/MAMP/htdocs/opencart/catalog/view/theme/mycustomtheme/template/common/home.tpl on line 9
2016-11-09 22:11:35 - PHP Notice:  Undefined variable: heading_title in /Applications/MAMP/htdocs/opencart/catalog/view/theme/mycustomtheme/template/common/home.tpl on line 9
2016-11-09 22:13:18 - PHP Notice:  Undefined variable: heading_title in /Applications/MAMP/htdocs/opencart/catalog/view/theme/mycustomtheme/template/common/home.tpl on line 9
2016-11-09 22:14:11 - PHP Notice:  Undefined variable: heading_title in /Applications/MAMP/htdocs/opencart/catalog/view/theme/mycustomtheme/template/common/home.tpl on line 9
2016-11-09 22:14:18 - PHP Notice:  Undefined variable: heading_title in /Applications/MAMP/htdocs/opencart/catalog/view/theme/mycustomtheme/template/common/home.tpl on line 9
2016-11-09 22:16:18 - PHP Notice:  Undefined variable: heading_title in /Applications/MAMP/htdocs/opencart/catalog/view/theme/mycustomtheme/template/common/home.tpl on line 9
2016-11-09 22:18:03 - PHP Notice:  Use of undefined constant console - assumed 'console' in /Applications/MAMP/htdocs/opencart/catalog/view/theme/mycustomtheme/template/common/header.tpl on line 64
2016-11-09 22:18:03 - PHP Notice:  A non well formed numeric value encountered in /Applications/MAMP/htdocs/opencart/catalog/view/theme/mycustomtheme/template/common/header.tpl on line 64
2016-11-09 22:18:03 - PHP Notice:  Use of undefined constant console - assumed 'console' in /Applications/MAMP/htdocs/opencart/catalog/view/theme/mycustomtheme/template/common/header.tpl on line 67
2016-11-09 22:18:03 - PHP Warning:  log() expects parameter 1 to be double, string given in /Applications/MAMP/htdocs/opencart/catalog/view/theme/mycustomtheme/template/common/header.tpl on line 67
2016-11-09 22:18:03 - PHP Notice:  Use of undefined constant console - assumed 'console' in /Applications/MAMP/htdocs/opencart/catalog/view/theme/mycustomtheme/template/common/header.tpl on line 64
2016-11-09 22:18:03 - PHP Notice:  A non well formed numeric value encountered in /Applications/MAMP/htdocs/opencart/catalog/view/theme/mycustomtheme/template/common/header.tpl on line 64
2016-11-09 22:18:03 - PHP Notice:  Use of undefined constant console - assumed 'console' in /Applications/MAMP/htdocs/opencart/catalog/view/theme/mycustomtheme/template/common/header.tpl on line 67
2016-11-09 22:18:03 - PHP Warning:  log() expects parameter 1 to be double, string given in /Applications/MAMP/htdocs/opencart/catalog/view/theme/mycustomtheme/template/common/header.tpl on line 67
2016-11-09 22:18:03 - PHP Notice:  Undefined variable: heading_title in /Applications/MAMP/htdocs/opencart/catalog/view/theme/mycustomtheme/template/common/home.tpl on line 9
2016-11-09 22:18:19 - PHP Notice:  Use of undefined constant console - assumed 'console' in /Applications/MAMP/htdocs/opencart/catalog/view/theme/mycustomtheme/template/common/header.tpl on line 64
2016-11-09 22:18:19 - PHP Notice:  A non well formed numeric value encountered in /Applications/MAMP/htdocs/opencart/catalog/view/theme/mycustomtheme/template/common/header.tpl on line 64
2016-11-09 22:18:19 - PHP Notice:  Use of undefined constant console - assumed 'console' in /Applications/MAMP/htdocs/opencart/catalog/view/theme/mycustomtheme/template/common/header.tpl on line 67
2016-11-09 22:18:19 - PHP Warning:  log() expects parameter 1 to be double, string given in /Applications/MAMP/htdocs/opencart/catalog/view/theme/mycustomtheme/template/common/header.tpl on line 67
2016-11-09 22:18:19 - PHP Notice:  Use of undefined constant console - assumed 'console' in /Applications/MAMP/htdocs/opencart/catalog/view/theme/mycustomtheme/template/common/header.tpl on line 64
2016-11-09 22:18:19 - PHP Notice:  A non well formed numeric value encountered in /Applications/MAMP/htdocs/opencart/catalog/view/theme/mycustomtheme/template/common/header.tpl on line 64
2016-11-09 22:18:19 - PHP Notice:  Use of undefined constant console - assumed 'console' in /Applications/MAMP/htdocs/opencart/catalog/view/theme/mycustomtheme/template/common/header.tpl on line 67
2016-11-09 22:18:19 - PHP Warning:  log() expects parameter 1 to be double, string given in /Applications/MAMP/htdocs/opencart/catalog/view/theme/mycustomtheme/template/common/header.tpl on line 67
2016-11-09 22:18:19 - PHP Notice:  Undefined variable: heading_title in /Applications/MAMP/htdocs/opencart/catalog/view/theme/mycustomtheme/template/common/home.tpl on line 9
2016-11-09 22:18:30 - PHP Notice:  Use of undefined constant console - assumed 'console' in /Applications/MAMP/htdocs/opencart/catalog/view/theme/mycustomtheme/template/common/header.tpl on line 64
2016-11-09 22:18:30 - PHP Notice:  Use of undefined constant console - assumed 'console' in /Applications/MAMP/htdocs/opencart/catalog/view/theme/mycustomtheme/template/common/header.tpl on line 67
2016-11-09 22:18:30 - PHP Warning:  log() expects parameter 1 to be double, string given in /Applications/MAMP/htdocs/opencart/catalog/view/theme/mycustomtheme/template/common/header.tpl on line 67
2016-11-09 22:18:30 - PHP Notice:  Use of undefined constant console - assumed 'console' in /Applications/MAMP/htdocs/opencart/catalog/view/theme/mycustomtheme/template/common/header.tpl on line 64
2016-11-09 22:18:30 - PHP Notice:  Use of undefined constant console - assumed 'console' in /Applications/MAMP/htdocs/opencart/catalog/view/theme/mycustomtheme/template/common/header.tpl on line 67
2016-11-09 22:18:30 - PHP Warning:  log() expects parameter 1 to be double, string given in /Applications/MAMP/htdocs/opencart/catalog/view/theme/mycustomtheme/template/common/header.tpl on line 67
2016-11-09 22:18:30 - PHP Notice:  Undefined variable: heading_title in /Applications/MAMP/htdocs/opencart/catalog/view/theme/mycustomtheme/template/common/home.tpl on line 9
2016-11-09 22:18:54 - PHP Notice:  Use of undefined constant console - assumed 'console' in /Applications/MAMP/htdocs/opencart/catalog/view/theme/mycustomtheme/template/common/header.tpl on line 64
2016-11-09 22:18:54 - PHP Notice:  Use of undefined constant console - assumed 'console' in /Applications/MAMP/htdocs/opencart/catalog/view/theme/mycustomtheme/template/common/header.tpl on line 67
2016-11-09 22:18:54 - PHP Warning:  log() expects parameter 1 to be double, string given in /Applications/MAMP/htdocs/opencart/catalog/view/theme/mycustomtheme/template/common/header.tpl on line 67
2016-11-09 22:18:54 - PHP Notice:  Use of undefined constant console - assumed 'console' in /Applications/MAMP/htdocs/opencart/catalog/view/theme/mycustomtheme/template/common/header.tpl on line 64
2016-11-09 22:18:54 - PHP Notice:  Use of undefined constant console - assumed 'console' in /Applications/MAMP/htdocs/opencart/catalog/view/theme/mycustomtheme/template/common/header.tpl on line 67
2016-11-09 22:18:54 - PHP Warning:  log() expects parameter 1 to be double, string given in /Applications/MAMP/htdocs/opencart/catalog/view/theme/mycustomtheme/template/common/header.tpl on line 67
2016-11-09 22:18:54 - PHP Notice:  Undefined variable: heading_title in /Applications/MAMP/htdocs/opencart/catalog/view/theme/mycustomtheme/template/common/home.tpl on line 9
2016-11-09 22:19:05 - PHP Notice:  Use of undefined constant console - assumed 'console' in /Applications/MAMP/htdocs/opencart/catalog/view/theme/mycustomtheme/template/common/header.tpl on line 64
2016-11-09 22:19:05 - PHP Notice:  Use of undefined constant console - assumed 'console' in /Applications/MAMP/htdocs/opencart/catalog/view/theme/mycustomtheme/template/common/header.tpl on line 67
2016-11-09 22:19:05 - PHP Warning:  log() expects parameter 1 to be double, string given in /Applications/MAMP/htdocs/opencart/catalog/view/theme/mycustomtheme/template/common/header.tpl on line 67
2016-11-09 22:19:05 - PHP Notice:  Use of undefined constant console - assumed 'console' in /Applications/MAMP/htdocs/opencart/catalog/view/theme/mycustomtheme/template/common/header.tpl on line 64
2016-11-09 22:19:05 - PHP Notice:  Use of undefined constant console - assumed 'console' in /Applications/MAMP/htdocs/opencart/catalog/view/theme/mycustomtheme/template/common/header.tpl on line 67
2016-11-09 22:19:05 - PHP Warning:  log() expects parameter 1 to be double, string given in /Applications/MAMP/htdocs/opencart/catalog/view/theme/mycustomtheme/template/common/header.tpl on line 67
2016-11-09 22:19:05 - PHP Notice:  Undefined variable: heading_title in /Applications/MAMP/htdocs/opencart/catalog/view/theme/mycustomtheme/template/common/home.tpl on line 9
2016-11-09 22:19:13 - PHP Notice:  Use of undefined constant console - assumed 'console' in /Applications/MAMP/htdocs/opencart/catalog/view/theme/mycustomtheme/template/common/header.tpl on line 64
2016-11-09 22:19:13 - PHP Notice:  A non well formed numeric value encountered in /Applications/MAMP/htdocs/opencart/catalog/view/theme/mycustomtheme/template/common/header.tpl on line 64
2016-11-09 22:19:13 - PHP Notice:  Use of undefined constant console - assumed 'console' in /Applications/MAMP/htdocs/opencart/catalog/view/theme/mycustomtheme/template/common/header.tpl on line 67
2016-11-09 22:19:13 - PHP Warning:  log() expects parameter 1 to be double, string given in /Applications/MAMP/htdocs/opencart/catalog/view/theme/mycustomtheme/template/common/header.tpl on line 67
2016-11-09 22:19:13 - PHP Notice:  Use of undefined constant console - assumed 'console' in /Applications/MAMP/htdocs/opencart/catalog/view/theme/mycustomtheme/template/common/header.tpl on line 64
2016-11-09 22:19:13 - PHP Notice:  A non well formed numeric value encountered in /Applications/MAMP/htdocs/opencart/catalog/view/theme/mycustomtheme/template/common/header.tpl on line 64
2016-11-09 22:19:13 - PHP Notice:  Use of undefined constant console - assumed 'console' in /Applications/MAMP/htdocs/opencart/catalog/view/theme/mycustomtheme/template/common/header.tpl on line 67
2016-11-09 22:19:13 - PHP Warning:  log() expects parameter 1 to be double, string given in /Applications/MAMP/htdocs/opencart/catalog/view/theme/mycustomtheme/template/common/header.tpl on line 67
2016-11-09 22:19:13 - PHP Notice:  Undefined variable: heading_title in /Applications/MAMP/htdocs/opencart/catalog/view/theme/mycustomtheme/template/common/home.tpl on line 9
2016-11-09 22:19:31 - PHP Notice:  Use of undefined constant console - assumed 'console' in /Applications/MAMP/htdocs/opencart/catalog/view/theme/mycustomtheme/template/common/header.tpl on line 64
2016-11-09 22:19:31 - PHP Warning:  log() expects parameter 1 to be double, string given in /Applications/MAMP/htdocs/opencart/catalog/view/theme/mycustomtheme/template/common/header.tpl on line 64
2016-11-09 22:19:31 - PHP Notice:  Use of undefined constant console - assumed 'console' in /Applications/MAMP/htdocs/opencart/catalog/view/theme/mycustomtheme/template/common/header.tpl on line 67
2016-11-09 22:19:31 - PHP Warning:  log() expects parameter 1 to be double, string given in /Applications/MAMP/htdocs/opencart/catalog/view/theme/mycustomtheme/template/common/header.tpl on line 67
2016-11-09 22:19:31 - PHP Notice:  Use of undefined constant console - assumed 'console' in /Applications/MAMP/htdocs/opencart/catalog/view/theme/mycustomtheme/template/common/header.tpl on line 64
2016-11-09 22:19:31 - PHP Warning:  log() expects parameter 1 to be double, string given in /Applications/MAMP/htdocs/opencart/catalog/view/theme/mycustomtheme/template/common/header.tpl on line 64
2016-11-09 22:19:31 - PHP Notice:  Use of undefined constant console - assumed 'console' in /Applications/MAMP/htdocs/opencart/catalog/view/theme/mycustomtheme/template/common/header.tpl on line 67
2016-11-09 22:19:31 - PHP Warning:  log() expects parameter 1 to be double, string given in /Applications/MAMP/htdocs/opencart/catalog/view/theme/mycustomtheme/template/common/header.tpl on line 67
2016-11-09 22:19:31 - PHP Notice:  Undefined variable: heading_title in /Applications/MAMP/htdocs/opencart/catalog/view/theme/mycustomtheme/template/common/home.tpl on line 9
2016-11-09 22:25:56 - PHP Notice:  Undefined variable: heading_title in /Applications/MAMP/htdocs/opencart/catalog/view/theme/mycustomtheme/template/common/home.tpl on line 9
2016-11-09 22:28:13 - PHP Notice:  Undefined variable: heading_title in /Applications/MAMP/htdocs/opencart/catalog/view/theme/mycustomtheme/template/common/home.tpl on line 9
2016-11-09 22:28:27 - PHP Notice:  Undefined variable: heading_title in /Applications/MAMP/htdocs/opencart/catalog/view/theme/mycustomtheme/template/common/home.tpl on line 9
2016-11-09 22:29:59 - PHP Notice:  Undefined variable: heading_title in /Applications/MAMP/htdocs/opencart/catalog/view/theme/mycustomtheme/template/common/home.tpl on line 9
2016-11-09 22:30:34 - PHP Notice:  Undefined variable: heading_title in /Applications/MAMP/htdocs/opencart/catalog/view/theme/mycustomtheme/template/common/home.tpl on line 9
2016-11-09 22:41:31 - PHP Notice:  Undefined variable: heading_title in /Applications/MAMP/htdocs/opencart/catalog/view/theme/mycustomtheme/template/common/home.tpl on line 9
2016-11-09 22:43:27 - PHP Notice:  Undefined variable: heading_title in /Applications/MAMP/htdocs/opencart/catalog/view/theme/mycustomtheme/template/common/home.tpl on line 9
2016-11-09 22:43:48 - PHP Notice:  Undefined variable: heading_title in /Applications/MAMP/htdocs/opencart/catalog/view/theme/mycustomtheme/template/common/home.tpl on line 9
2016-11-09 22:44:13 - PHP Notice:  Undefined variable: heading_title in /Applications/MAMP/htdocs/opencart/catalog/view/theme/mycustomtheme/template/common/home.tpl on line 9
2016-11-09 22:46:45 - PHP Notice:  Undefined variable: heading_title in /Applications/MAMP/htdocs/opencart/catalog/view/theme/mycustomtheme/template/common/home.tpl on line 9
2016-11-09 22:48:49 - PHP Notice:  Undefined variable: heading_title in /Applications/MAMP/htdocs/opencart/catalog/view/theme/mycustomtheme/template/common/home.tpl on line 9
2016-11-09 22:52:12 - PHP Notice:  Undefined variable: heading_title in /Applications/MAMP/htdocs/opencart/catalog/view/theme/mycustomtheme/template/common/home.tpl on line 9
2016-11-09 22:54:01 - PHP Notice:  Undefined variable: heading_title in /Applications/MAMP/htdocs/opencart/catalog/view/theme/mycustomtheme/template/common/home.tpl on line 9
2016-11-09 22:54:10 - PHP Notice:  Undefined variable: heading_title in /Applications/MAMP/htdocs/opencart/catalog/view/theme/mycustomtheme/template/common/home.tpl on line 9
2016-11-09 22:54:39 - PHP Notice:  Undefined variable: heading_title in /Applications/MAMP/htdocs/opencart/catalog/view/theme/mycustomtheme/template/common/home.tpl on line 9
2016-11-09 22:54:48 - PHP Notice:  Undefined variable: heading_title in /Applications/MAMP/htdocs/opencart/catalog/view/theme/mycustomtheme/template/common/home.tpl on line 9
2016-11-09 22:55:01 - PHP Notice:  Undefined variable: heading_title in /Applications/MAMP/htdocs/opencart/catalog/view/theme/mycustomtheme/template/common/home.tpl on line 9
2016-11-09 23:04:04 - PHP Notice:  Undefined variable: heading_title in /Applications/MAMP/htdocs/opencart/catalog/view/theme/mycustomtheme/template/common/home.tpl on line 9
2016-11-09 23:07:08 - PHP Notice:  Undefined variable: heading_title in /Applications/MAMP/htdocs/opencart/catalog/view/theme/mycustomtheme/template/common/home.tpl on line 9
2016-11-09 23:17:31 - PHP Notice:  Undefined variable: heading_title in /Applications/MAMP/htdocs/opencart/catalog/view/theme/mycustomtheme/template/common/home.tpl on line 9
2016-11-09 23:21:52 - PHP Notice:  Undefined variable: heading_title in /Applications/MAMP/htdocs/opencart/catalog/view/theme/mycustomtheme/template/common/home.tpl on line 9
2016-11-09 23:25:40 - PHP Notice:  Undefined variable: heading_title in /Applications/MAMP/htdocs/opencart/catalog/view/theme/mycustomtheme/template/common/home.tpl on line 9
2016-11-09 23:26:01 - PHP Notice:  Undefined variable: heading_title in /Applications/MAMP/htdocs/opencart/catalog/view/theme/mycustomtheme/template/common/home.tpl on line 9
2016-11-09 23:29:20 - PHP Notice:  Undefined variable: heading_title in /Applications/MAMP/htdocs/opencart/catalog/view/theme/mycustomtheme/template/common/home.tpl on line 9
2016-11-09 23:29:48 - PHP Notice:  Undefined variable: heading_title in /Applications/MAMP/htdocs/opencart/catalog/view/theme/mycustomtheme/template/common/home.tpl on line 9
2016-11-09 23:30:08 - PHP Notice:  Undefined variable: heading_title in /Applications/MAMP/htdocs/opencart/catalog/view/theme/mycustomtheme/template/common/home.tpl on line 9
2016-11-09 23:30:12 - PHP Notice:  Undefined variable: heading_title in /Applications/MAMP/htdocs/opencart/catalog/view/theme/mycustomtheme/template/common/home.tpl on line 9
2016-11-09 23:30:33 - PHP Notice:  Undefined variable: heading_title in /Applications/MAMP/htdocs/opencart/catalog/view/theme/mycustomtheme/template/common/home.tpl on line 9
2016-11-09 23:30:42 - PHP Notice:  Undefined variable: heading_title in /Applications/MAMP/htdocs/opencart/catalog/view/theme/mycustomtheme/template/common/home.tpl on line 9
2016-11-09 23:33:20 - PHP Notice:  Undefined variable: heading_title in /Applications/MAMP/htdocs/opencart/catalog/view/theme/mycustomtheme/template/common/home.tpl on line 9
2016-11-09 23:34:20 - PHP Notice:  Undefined variable: heading_title in /Applications/MAMP/htdocs/opencart/catalog/view/theme/mycustomtheme/template/common/home.tpl on line 9
2016-11-09 23:35:05 - PHP Notice:  Undefined variable: heading_title in /Applications/MAMP/htdocs/opencart/catalog/view/theme/mycustomtheme/template/common/home.tpl on line 9
2016-11-10 19:29:55 - PHP Notice:  Undefined variable: heading_title in /Applications/MAMP/htdocs/opencart/catalog/view/theme/mycustomtheme/template/common/home.tpl on line 9
2016-11-10 19:30:41 - PHP Notice:  Undefined variable: heading_title in /Applications/MAMP/htdocs/opencart/catalog/view/theme/mycustomtheme/template/common/home.tpl on line 9
2016-11-10 19:31:00 - PHP Notice:  Undefined variable: heading_title in /Applications/MAMP/htdocs/opencart/catalog/view/theme/mycustomtheme/template/common/home.tpl on line 9
2016-11-10 19:34:07 - PHP Notice:  Undefined variable: heading_title in /Applications/MAMP/htdocs/opencart/catalog/view/theme/mycustomtheme/template/common/home.tpl on line 9
2016-11-10 19:38:37 - PHP Notice:  Undefined variable: heading_title in /Applications/MAMP/htdocs/opencart/catalog/view/theme/mycustomtheme/template/common/home.tpl on line 9
2016-11-10 19:41:58 - PHP Notice:  Undefined variable: heading_title in /Applications/MAMP/htdocs/opencart/catalog/view/theme/mycustomtheme/template/common/home.tpl on line 9
2016-11-10 19:42:45 - PHP Notice:  Undefined variable: heading_title in /Applications/MAMP/htdocs/opencart/catalog/view/theme/mycustomtheme/template/common/home.tpl on line 9
2016-11-10 19:44:52 - PHP Notice:  Undefined variable: heading_title in /Applications/MAMP/htdocs/opencart/catalog/view/theme/mycustomtheme/template/common/home.tpl on line 10
2016-11-10 19:45:36 - PHP Notice:  Undefined variable: heading_title in /Applications/MAMP/htdocs/opencart/catalog/view/theme/mycustomtheme/template/common/home.tpl on line 10
2016-11-10 19:46:12 - PHP Notice:  Undefined variable: heading_title in /Applications/MAMP/htdocs/opencart/catalog/view/theme/mycustomtheme/template/common/home.tpl on line 10
2016-11-10 19:46:21 - PHP Notice:  Undefined variable: heading_title in /Applications/MAMP/htdocs/opencart/catalog/view/theme/mycustomtheme/template/common/home.tpl on line 10
2016-11-10 19:47:09 - PHP Notice:  Undefined variable: heading_title in /Applications/MAMP/htdocs/opencart/catalog/view/theme/mycustomtheme/template/common/home.tpl on line 10
2016-11-10 19:47:24 - PHP Notice:  Undefined variable: heading_title in /Applications/MAMP/htdocs/opencart/catalog/view/theme/mycustomtheme/template/common/home.tpl on line 10
2016-11-10 19:47:31 - PHP Notice:  Undefined variable: heading_title in /Applications/MAMP/htdocs/opencart/catalog/view/theme/mycustomtheme/template/common/home.tpl on line 10
2016-11-10 19:48:01 - PHP Notice:  Undefined variable: heading_title in /Applications/MAMP/htdocs/opencart/catalog/view/theme/mycustomtheme/template/common/home.tpl on line 10
2016-11-10 19:48:07 - PHP Notice:  Undefined variable: heading_title in /Applications/MAMP/htdocs/opencart/catalog/view/theme/mycustomtheme/template/common/home.tpl on line 10
2016-11-10 19:48:14 - PHP Notice:  Undefined variable: heading_title in /Applications/MAMP/htdocs/opencart/catalog/view/theme/mycustomtheme/template/common/home.tpl on line 10
2016-11-10 19:48:21 - PHP Notice:  Undefined variable: heading_title in /Applications/MAMP/htdocs/opencart/catalog/view/theme/mycustomtheme/template/common/home.tpl on line 10
2016-11-10 19:49:13 - PHP Notice:  Undefined variable: heading_title in /Applications/MAMP/htdocs/opencart/catalog/view/theme/mycustomtheme/template/common/home.tpl on line 10
2016-11-10 19:51:12 - PHP Notice:  Undefined variable: heading_title in /Applications/MAMP/htdocs/opencart/catalog/view/theme/mycustomtheme/template/common/home.tpl on line 10
2016-11-10 19:51:44 - PHP Notice:  Undefined variable: heading_title in /Applications/MAMP/htdocs/opencart/catalog/view/theme/mycustomtheme/template/common/home.tpl on line 10
2016-11-10 19:52:43 - PHP Notice:  Undefined variable: heading_title in /Applications/MAMP/htdocs/opencart/catalog/view/theme/mycustomtheme/template/common/home.tpl on line 10
2016-11-10 19:53:18 - PHP Notice:  Undefined variable: heading_title in /Applications/MAMP/htdocs/opencart/catalog/view/theme/mycustomtheme/template/common/home.tpl on line 10
2016-11-10 19:56:28 - PHP Notice:  Undefined variable: heading_title in /Applications/MAMP/htdocs/opencart/catalog/view/theme/mycustomtheme/template/common/home.tpl on line 18
2016-11-10 20:00:20 - PHP Notice:  Undefined variable: heading_title in /Applications/MAMP/htdocs/opencart/catalog/view/theme/mycustomtheme/template/common/home.tpl on line 18
2016-11-10 20:00:23 - PHP Notice:  Undefined variable: heading_title in /Applications/MAMP/htdocs/opencart/catalog/view/theme/mycustomtheme/template/common/home.tpl on line 18
2016-11-10 20:00:30 - PHP Notice:  Undefined variable: heading_title in /Applications/MAMP/htdocs/opencart/catalog/view/theme/mycustomtheme/template/common/home.tpl on line 18
2016-11-10 20:01:04 - PHP Notice:  Undefined variable: heading_title in /Applications/MAMP/htdocs/opencart/catalog/view/theme/mycustomtheme/template/common/home.tpl on line 18
2016-11-10 20:01:51 - PHP Notice:  Undefined variable: heading_title in /Applications/MAMP/htdocs/opencart/catalog/view/theme/mycustomtheme/template/common/home.tpl on line 18
2016-11-10 20:02:17 - PHP Notice:  Undefined variable: heading_title in /Applications/MAMP/htdocs/opencart/catalog/view/theme/mycustomtheme/template/common/home.tpl on line 18
2016-11-10 20:03:18 - PHP Notice:  Undefined variable: heading_title in /Applications/MAMP/htdocs/opencart/catalog/view/theme/mycustomtheme/template/common/home.tpl on line 18
2016-11-10 20:03:42 - PHP Notice:  Undefined variable: heading_title in /Applications/MAMP/htdocs/opencart/catalog/view/theme/mycustomtheme/template/common/home.tpl on line 18
2016-11-10 20:11:35 - PHP Notice:  Undefined variable: heading_title in /Applications/MAMP/htdocs/opencart/catalog/view/theme/mycustomtheme/template/common/home.tpl on line 18
2016-11-10 20:12:03 - PHP Notice:  Undefined variable: heading_title in /Applications/MAMP/htdocs/opencart/catalog/view/theme/mycustomtheme/template/common/home.tpl on line 18
2016-11-10 20:15:21 - PHP Notice:  Undefined variable: heading_title in /Applications/MAMP/htdocs/opencart/catalog/view/theme/mycustomtheme/template/common/home.tpl on line 18
2016-11-10 20:15:37 - PHP Notice:  Undefined variable: heading_title in /Applications/MAMP/htdocs/opencart/catalog/view/theme/mycustomtheme/template/common/home.tpl on line 18
2016-11-10 20:16:15 - PHP Notice:  Undefined variable: heading_title in /Applications/MAMP/htdocs/opencart/catalog/view/theme/mycustomtheme/template/common/home.tpl on line 18
2016-11-10 20:18:22 - PHP Notice:  Undefined variable: heading_title in /Applications/MAMP/htdocs/opencart/catalog/view/theme/mycustomtheme/template/common/home.tpl on line 18
2016-11-10 20:20:05 - PHP Notice:  Undefined variable: heading_title in /Applications/MAMP/htdocs/opencart/catalog/view/theme/mycustomtheme/template/common/home.tpl on line 18
2016-11-10 20:20:37 - PHP Notice:  Undefined variable: heading_title in /Applications/MAMP/htdocs/opencart/catalog/view/theme/mycustomtheme/template/common/home.tpl on line 18
2016-11-10 20:21:07 - PHP Notice:  Undefined variable: heading_title in /Applications/MAMP/htdocs/opencart/catalog/view/theme/mycustomtheme/template/common/home.tpl on line 18
2016-11-10 20:22:21 - PHP Notice:  Undefined variable: heading_title in /Applications/MAMP/htdocs/opencart/catalog/view/theme/mycustomtheme/template/common/home.tpl on line 18
2016-11-10 20:23:19 - PHP Notice:  Undefined variable: heading_title in /Applications/MAMP/htdocs/opencart/catalog/view/theme/mycustomtheme/template/common/home.tpl on line 18
2016-11-10 20:26:00 - PHP Notice:  Undefined variable: heading_title in /Applications/MAMP/htdocs/opencart/catalog/view/theme/mycustomtheme/template/common/home.tpl on line 18
2016-11-10 20:27:48 - PHP Notice:  Undefined variable: heading_title in /Applications/MAMP/htdocs/opencart/catalog/view/theme/mycustomtheme/template/common/home.tpl on line 18
2016-11-10 20:28:08 - PHP Notice:  Undefined variable: heading_title in /Applications/MAMP/htdocs/opencart/catalog/view/theme/mycustomtheme/template/common/home.tpl on line 18
2016-11-10 20:28:12 - PHP Notice:  Undefined variable: heading_title in /Applications/MAMP/htdocs/opencart/catalog/view/theme/mycustomtheme/template/common/home.tpl on line 18
2016-11-10 20:28:21 - PHP Notice:  Undefined variable: heading_title in /Applications/MAMP/htdocs/opencart/catalog/view/theme/mycustomtheme/template/common/home.tpl on line 18
2016-11-10 20:30:00 - PHP Notice:  Undefined variable: heading_title in /Applications/MAMP/htdocs/opencart/catalog/view/theme/mycustomtheme/template/common/home.tpl on line 18
2016-11-10 20:30:04 - PHP Notice:  Undefined variable: heading_title in /Applications/MAMP/htdocs/opencart/catalog/view/theme/mycustomtheme/template/common/home.tpl on line 18
2016-11-10 20:30:16 - PHP Notice:  Undefined variable: heading_title in /Applications/MAMP/htdocs/opencart/catalog/view/theme/mycustomtheme/template/common/home.tpl on line 18
2016-11-10 20:30:23 - PHP Notice:  Undefined variable: heading_title in /Applications/MAMP/htdocs/opencart/catalog/view/theme/mycustomtheme/template/common/home.tpl on line 18
2016-11-10 20:31:21 - PHP Notice:  Undefined variable: heading_title in /Applications/MAMP/htdocs/opencart/catalog/view/theme/mycustomtheme/template/common/home.tpl on line 18
2016-11-10 20:32:36 - PHP Notice:  Undefined variable: heading_title in /Applications/MAMP/htdocs/opencart/catalog/view/theme/mycustomtheme/template/common/home.tpl on line 18
2016-11-10 20:34:34 - PHP Notice:  Undefined variable: heading_title in /Applications/MAMP/htdocs/opencart/catalog/view/theme/mycustomtheme/template/common/home.tpl on line 18
2016-11-10 20:34:37 - PHP Notice:  Undefined variable: heading_title in /Applications/MAMP/htdocs/opencart/catalog/view/theme/mycustomtheme/template/common/home.tpl on line 18
2016-11-10 20:34:51 - PHP Notice:  Undefined variable: heading_title in /Applications/MAMP/htdocs/opencart/catalog/view/theme/mycustomtheme/template/common/home.tpl on line 18
2016-11-10 20:34:59 - PHP Notice:  Undefined variable: heading_title in /Applications/MAMP/htdocs/opencart/catalog/view/theme/mycustomtheme/template/common/home.tpl on line 18
2016-11-10 20:35:05 - PHP Notice:  Undefined variable: heading_title in /Applications/MAMP/htdocs/opencart/catalog/view/theme/mycustomtheme/template/common/home.tpl on line 18
2016-11-10 20:35:58 - PHP Notice:  Undefined variable: heading_title in /Applications/MAMP/htdocs/opencart/catalog/view/theme/mycustomtheme/template/common/home.tpl on line 18
2016-11-10 20:36:29 - PHP Notice:  Undefined variable: heading_title in /Applications/MAMP/htdocs/opencart/catalog/view/theme/mycustomtheme/template/common/home.tpl on line 18
2016-11-10 20:36:51 - PHP Notice:  Undefined variable: heading_title in /Applications/MAMP/htdocs/opencart/catalog/view/theme/mycustomtheme/template/common/home.tpl on line 18
2016-11-10 20:38:25 - PHP Notice:  Undefined variable: heading_title in /Applications/MAMP/htdocs/opencart/catalog/view/theme/mycustomtheme/template/common/home.tpl on line 18
2016-11-10 20:38:39 - PHP Notice:  Undefined variable: heading_title in /Applications/MAMP/htdocs/opencart/catalog/view/theme/mycustomtheme/template/common/home.tpl on line 18
2016-11-10 20:39:22 - PHP Notice:  Undefined variable: heading_title in /Applications/MAMP/htdocs/opencart/catalog/view/theme/mycustomtheme/template/common/home.tpl on line 18
2016-11-10 20:39:31 - PHP Notice:  Undefined variable: heading_title in /Applications/MAMP/htdocs/opencart/catalog/view/theme/mycustomtheme/template/common/home.tpl on line 18
2016-11-10 20:40:11 - PHP Notice:  Undefined variable: heading_title in /Applications/MAMP/htdocs/opencart/catalog/view/theme/mycustomtheme/template/common/home.tpl on line 18
2016-11-10 20:40:30 - PHP Notice:  Undefined variable: heading_title in /Applications/MAMP/htdocs/opencart/catalog/view/theme/mycustomtheme/template/common/home.tpl on line 18
2016-11-10 20:40:36 - PHP Notice:  Undefined variable: heading_title in /Applications/MAMP/htdocs/opencart/catalog/view/theme/mycustomtheme/template/common/home.tpl on line 18
2016-11-10 20:44:46 - PHP Notice:  Undefined variable: heading_title in /Applications/MAMP/htdocs/opencart/catalog/view/theme/mycustomtheme/template/common/home.tpl on line 18
2016-11-10 20:44:51 - PHP Notice:  Undefined variable: heading_title in /Applications/MAMP/htdocs/opencart/catalog/view/theme/mycustomtheme/template/common/home.tpl on line 18
2016-11-10 20:45:28 - PHP Notice:  Undefined variable: heading_title in /Applications/MAMP/htdocs/opencart/catalog/view/theme/mycustomtheme/template/common/home.tpl on line 18
2016-11-10 20:47:37 - PHP Notice:  Undefined variable: heading_title in /Applications/MAMP/htdocs/opencart/catalog/view/theme/mycustomtheme/template/common/home.tpl on line 18
2016-11-10 20:48:20 - PHP Notice:  Undefined variable: heading_title in /Applications/MAMP/htdocs/opencart/catalog/view/theme/mycustomtheme/template/common/home.tpl on line 18
2016-11-10 20:50:27 - PHP Notice:  Undefined variable: heading_title in /Applications/MAMP/htdocs/opencart/catalog/view/theme/mycustomtheme/template/common/home.tpl on line 18
2016-11-10 20:52:00 - PHP Notice:  Undefined variable: heading_title in /Applications/MAMP/htdocs/opencart/catalog/view/theme/mycustomtheme/template/common/home.tpl on line 18
2016-11-10 20:52:09 - PHP Notice:  Undefined variable: heading_title in /Applications/MAMP/htdocs/opencart/catalog/view/theme/mycustomtheme/template/common/home.tpl on line 18
2016-11-10 20:52:18 - PHP Notice:  Undefined variable: heading_title in /Applications/MAMP/htdocs/opencart/catalog/view/theme/mycustomtheme/template/common/home.tpl on line 18
2016-11-10 20:52:27 - PHP Notice:  Undefined variable: heading_title in /Applications/MAMP/htdocs/opencart/catalog/view/theme/mycustomtheme/template/common/home.tpl on line 18
2016-11-10 20:52:35 - PHP Notice:  Undefined variable: heading_title in /Applications/MAMP/htdocs/opencart/catalog/view/theme/mycustomtheme/template/common/home.tpl on line 18
2016-11-10 20:52:38 - PHP Notice:  Undefined variable: heading_title in /Applications/MAMP/htdocs/opencart/catalog/view/theme/mycustomtheme/template/common/home.tpl on line 18
2016-11-10 20:52:56 - PHP Notice:  Undefined variable: heading_title in /Applications/MAMP/htdocs/opencart/catalog/view/theme/mycustomtheme/template/common/home.tpl on line 18
2016-11-10 20:53:23 - PHP Notice:  Undefined variable: heading_title in /Applications/MAMP/htdocs/opencart/catalog/view/theme/mycustomtheme/template/common/home.tpl on line 18
2016-11-10 20:53:35 - PHP Notice:  Undefined variable: heading_title in /Applications/MAMP/htdocs/opencart/catalog/view/theme/mycustomtheme/template/common/home.tpl on line 18
2016-11-10 20:55:59 - PHP Notice:  Undefined variable: heading_title in /Applications/MAMP/htdocs/opencart/catalog/view/theme/mycustomtheme/template/common/home.tpl on line 18
2016-11-10 20:56:02 - PHP Notice:  Undefined variable: heading_title in /Applications/MAMP/htdocs/opencart/catalog/view/theme/mycustomtheme/template/common/home.tpl on line 18
2016-11-10 20:56:34 - PHP Notice:  Undefined variable: heading_title in /Applications/MAMP/htdocs/opencart/catalog/view/theme/mycustomtheme/template/common/home.tpl on line 18
2016-11-10 21:06:11 - PHP Notice:  Undefined variable: heading_title in /Applications/MAMP/htdocs/opencart/catalog/view/theme/mycustomtheme/template/common/home.tpl on line 18
2016-11-10 21:07:41 - PHP Notice:  Undefined variable: heading_title in /Applications/MAMP/htdocs/opencart/catalog/view/theme/mycustomtheme/template/common/home.tpl on line 18
2016-11-10 21:08:11 - PHP Notice:  Undefined variable: heading_title in /Applications/MAMP/htdocs/opencart/catalog/view/theme/mycustomtheme/template/common/home.tpl on line 18
2016-11-10 21:08:43 - PHP Notice:  Undefined variable: heading_title in /Applications/MAMP/htdocs/opencart/catalog/view/theme/mycustomtheme/template/common/home.tpl on line 18
2016-11-10 21:08:51 - PHP Notice:  Undefined variable: heading_title in /Applications/MAMP/htdocs/opencart/catalog/view/theme/mycustomtheme/template/common/home.tpl on line 18
2016-11-10 21:09:01 - PHP Notice:  Undefined variable: heading_title in /Applications/MAMP/htdocs/opencart/catalog/view/theme/mycustomtheme/template/common/home.tpl on line 18
2016-11-10 21:09:24 - PHP Notice:  Undefined variable: heading_title in /Applications/MAMP/htdocs/opencart/catalog/view/theme/mycustomtheme/template/common/home.tpl on line 18
2016-11-10 21:09:34 - PHP Notice:  Undefined variable: heading_title in /Applications/MAMP/htdocs/opencart/catalog/view/theme/mycustomtheme/template/common/home.tpl on line 18
2016-11-10 21:12:34 - PHP Notice:  Undefined variable: heading_title in /Applications/MAMP/htdocs/opencart/catalog/view/theme/mycustomtheme/template/common/home.tpl on line 18
2016-11-10 21:16:15 - PHP Notice:  Undefined variable: heading_title in /Applications/MAMP/htdocs/opencart/catalog/view/theme/mycustomtheme/template/common/home.tpl on line 18
2016-11-10 21:20:39 - PHP Notice:  Undefined variable: heading_title in /Applications/MAMP/htdocs/opencart/catalog/view/theme/mycustomtheme/template/common/home.tpl on line 18
2016-11-10 21:26:14 - PHP Notice:  Undefined variable: heading_title in /Applications/MAMP/htdocs/opencart/catalog/view/theme/mycustomtheme/template/common/home.tpl on line 18
2016-11-10 21:29:34 - PHP Notice:  Undefined variable: heading_title in /Applications/MAMP/htdocs/opencart/catalog/view/theme/mycustomtheme/template/common/home.tpl on line 18
2016-11-10 21:29:45 - PHP Notice:  Undefined variable: heading_title in /Applications/MAMP/htdocs/opencart/catalog/view/theme/mycustomtheme/template/common/home.tpl on line 18
2016-11-10 21:29:55 - PHP Notice:  Undefined variable: heading_title in /Applications/MAMP/htdocs/opencart/catalog/view/theme/mycustomtheme/template/common/home.tpl on line 18
2016-11-10 21:30:31 - PHP Notice:  Undefined variable: heading_title in /Applications/MAMP/htdocs/opencart/catalog/view/theme/mycustomtheme/template/common/home.tpl on line 18
2016-11-10 21:30:39 - PHP Notice:  Undefined variable: heading_title in /Applications/MAMP/htdocs/opencart/catalog/view/theme/mycustomtheme/template/common/home.tpl on line 18
2016-11-10 21:30:48 - PHP Notice:  Undefined variable: heading_title in /Applications/MAMP/htdocs/opencart/catalog/view/theme/mycustomtheme/template/common/home.tpl on line 18
2016-11-10 21:30:57 - PHP Notice:  Undefined variable: heading_title in /Applications/MAMP/htdocs/opencart/catalog/view/theme/mycustomtheme/template/common/home.tpl on line 18
2016-11-10 21:31:04 - PHP Notice:  Undefined variable: heading_title in /Applications/MAMP/htdocs/opencart/catalog/view/theme/mycustomtheme/template/common/home.tpl on line 18
2016-11-10 21:31:21 - PHP Notice:  Undefined variable: heading_title in /Applications/MAMP/htdocs/opencart/catalog/view/theme/mycustomtheme/template/common/home.tpl on line 18
2016-11-10 21:31:29 - PHP Notice:  Undefined variable: heading_title in /Applications/MAMP/htdocs/opencart/catalog/view/theme/mycustomtheme/template/common/home.tpl on line 18
2016-11-10 21:31:44 - PHP Notice:  Undefined variable: heading_title in /Applications/MAMP/htdocs/opencart/catalog/view/theme/mycustomtheme/template/common/home.tpl on line 18
2016-11-10 21:32:04 - PHP Notice:  Undefined variable: heading_title in /Applications/MAMP/htdocs/opencart/catalog/view/theme/mycustomtheme/template/common/home.tpl on line 18
2016-11-10 21:32:19 - PHP Notice:  Undefined variable: heading_title in /Applications/MAMP/htdocs/opencart/catalog/view/theme/mycustomtheme/template/common/home.tpl on line 18
2016-11-10 21:32:46 - PHP Notice:  Undefined variable: heading_title in /Applications/MAMP/htdocs/opencart/catalog/view/theme/mycustomtheme/template/common/home.tpl on line 18
2016-11-10 21:32:53 - PHP Notice:  Undefined variable: heading_title in /Applications/MAMP/htdocs/opencart/catalog/view/theme/mycustomtheme/template/common/home.tpl on line 18
2016-11-10 21:33:07 - PHP Notice:  Undefined variable: heading_title in /Applications/MAMP/htdocs/opencart/catalog/view/theme/mycustomtheme/template/common/home.tpl on line 18
2016-11-10 21:33:10 - PHP Notice:  Undefined variable: heading_title in /Applications/MAMP/htdocs/opencart/catalog/view/theme/mycustomtheme/template/common/home.tpl on line 18
2016-11-10 21:33:46 - PHP Notice:  Undefined variable: heading_title in /Applications/MAMP/htdocs/opencart/catalog/view/theme/mycustomtheme/template/common/home.tpl on line 18
2016-11-10 21:34:07 - PHP Notice:  Undefined variable: heading_title in /Applications/MAMP/htdocs/opencart/catalog/view/theme/mycustomtheme/template/common/home.tpl on line 18
2016-11-10 21:34:25 - PHP Notice:  Undefined variable: heading_title in /Applications/MAMP/htdocs/opencart/catalog/view/theme/mycustomtheme/template/common/home.tpl on line 18
2016-11-10 21:34:40 - PHP Notice:  Undefined variable: heading_title in /Applications/MAMP/htdocs/opencart/catalog/view/theme/mycustomtheme/template/common/home.tpl on line 18
2016-11-10 21:35:54 - PHP Notice:  Undefined variable: heading_title in /Applications/MAMP/htdocs/opencart/catalog/view/theme/mycustomtheme/template/common/home.tpl on line 18
2016-11-10 21:38:58 - PHP Notice:  Undefined variable: heading_title in /Applications/MAMP/htdocs/opencart/catalog/view/theme/mycustomtheme/template/common/home.tpl on line 18
2016-11-10 21:40:50 - PHP Notice:  Undefined variable: heading_title in /Applications/MAMP/htdocs/opencart/catalog/view/theme/mycustomtheme/template/common/home.tpl on line 18
2016-11-10 21:50:58 - PHP Notice:  Undefined variable: heading_title in /Applications/MAMP/htdocs/opencart/catalog/view/theme/mycustomtheme/template/common/home.tpl on line 18
2016-11-10 21:53:21 - PHP Notice:  Undefined variable: heading_title in /Applications/MAMP/htdocs/opencart/catalog/view/theme/mycustomtheme/template/common/home.tpl on line 18
2016-11-10 21:56:25 - PHP Notice:  Undefined variable: heading_title in /Applications/MAMP/htdocs/opencart/catalog/view/theme/mycustomtheme/template/common/home.tpl on line 18
2016-11-10 21:57:06 - PHP Notice:  Undefined variable: heading_title in /Applications/MAMP/htdocs/opencart/catalog/view/theme/mycustomtheme/template/common/home.tpl on line 18
2016-11-10 21:59:11 - PHP Notice:  Undefined variable: heading_title in /Applications/MAMP/htdocs/opencart/catalog/view/theme/mycustomtheme/template/common/home.tpl on line 18
2016-11-10 21:59:30 - PHP Notice:  Undefined variable: heading_title in /Applications/MAMP/htdocs/opencart/catalog/view/theme/mycustomtheme/template/common/home.tpl on line 18
2016-11-10 21:59:41 - PHP Notice:  Undefined variable: heading_title in /Applications/MAMP/htdocs/opencart/catalog/view/theme/mycustomtheme/template/common/home.tpl on line 18
2016-11-10 21:59:53 - PHP Notice:  Undefined variable: heading_title in /Applications/MAMP/htdocs/opencart/catalog/view/theme/mycustomtheme/template/common/home.tpl on line 18
2016-11-10 22:00:10 - PHP Notice:  Undefined variable: heading_title in /Applications/MAMP/htdocs/opencart/catalog/view/theme/mycustomtheme/template/common/home.tpl on line 18
2016-11-10 22:01:09 - PHP Notice:  Undefined variable: heading_title in /Applications/MAMP/htdocs/opencart/catalog/view/theme/mycustomtheme/template/common/home.tpl on line 18
2016-11-10 22:01:52 - PHP Notice:  Undefined variable: heading_title in /Applications/MAMP/htdocs/opencart/catalog/view/theme/mycustomtheme/template/common/home.tpl on line 18
2016-11-10 22:02:19 - PHP Notice:  Undefined variable: heading_title in /Applications/MAMP/htdocs/opencart/catalog/view/theme/mycustomtheme/template/common/home.tpl on line 18
2016-11-10 22:03:04 - PHP Notice:  Undefined variable: heading_title in /Applications/MAMP/htdocs/opencart/catalog/view/theme/mycustomtheme/template/common/home.tpl on line 18
2016-11-10 22:03:12 - PHP Notice:  Undefined variable: heading_title in /Applications/MAMP/htdocs/opencart/catalog/view/theme/mycustomtheme/template/common/home.tpl on line 18
2016-11-10 22:04:21 - PHP Notice:  Undefined variable: heading_title in /Applications/MAMP/htdocs/opencart/catalog/view/theme/mycustomtheme/template/common/home.tpl on line 18
2016-11-10 22:10:12 - PHP Notice:  Undefined variable: heading_title in /Applications/MAMP/htdocs/opencart/catalog/view/theme/mycustomtheme/template/common/home.tpl on line 18
2016-11-10 22:10:49 - PHP Notice:  Undefined variable: heading_title in /Applications/MAMP/htdocs/opencart/catalog/view/theme/mycustomtheme/template/common/home.tpl on line 18
2016-11-10 22:14:49 - PHP Notice:  Undefined variable: heading_title in /Applications/MAMP/htdocs/opencart/catalog/view/theme/mycustomtheme/template/common/home.tpl on line 18
2016-11-10 22:15:01 - PHP Notice:  Undefined variable: heading_title in /Applications/MAMP/htdocs/opencart/catalog/view/theme/mycustomtheme/template/common/home.tpl on line 18
2016-11-10 22:21:50 - PHP Notice:  Undefined variable: heading_title in /Applications/MAMP/htdocs/opencart/catalog/view/theme/mycustomtheme/template/common/home.tpl on line 18
2016-11-10 22:22:03 - PHP Notice:  Undefined variable: heading_title in /Applications/MAMP/htdocs/opencart/catalog/view/theme/mycustomtheme/template/common/home.tpl on line 18
2016-11-10 22:22:10 - PHP Notice:  Undefined variable: heading_title in /Applications/MAMP/htdocs/opencart/catalog/view/theme/mycustomtheme/template/common/home.tpl on line 18
2016-11-10 22:23:39 - PHP Notice:  Undefined variable: heading_title in /Applications/MAMP/htdocs/opencart/catalog/view/theme/mycustomtheme/template/common/home.tpl on line 19
2016-11-10 22:23:48 - PHP Notice:  Undefined variable: heading_title in /Applications/MAMP/htdocs/opencart/catalog/view/theme/mycustomtheme/template/common/home.tpl on line 19
2016-11-10 22:24:33 - PHP Notice:  Undefined variable: heading_title in /Applications/MAMP/htdocs/opencart/catalog/view/theme/mycustomtheme/template/common/home.tpl on line 19
2016-11-10 22:25:01 - PHP Notice:  Undefined variable: heading_title in /Applications/MAMP/htdocs/opencart/catalog/view/theme/mycustomtheme/template/common/home.tpl on line 19
2016-11-10 22:25:05 - PHP Notice:  Undefined variable: heading_title in /Applications/MAMP/htdocs/opencart/catalog/view/theme/mycustomtheme/template/common/home.tpl on line 19
2016-11-10 22:25:26 - PHP Notice:  Undefined variable: heading_title in /Applications/MAMP/htdocs/opencart/catalog/view/theme/mycustomtheme/template/common/home.tpl on line 19
2016-11-10 22:25:41 - PHP Notice:  Undefined variable: heading_title in /Applications/MAMP/htdocs/opencart/catalog/view/theme/mycustomtheme/template/common/home.tpl on line 19
2016-11-10 22:26:17 - PHP Notice:  Undefined variable: heading_title in /Applications/MAMP/htdocs/opencart/catalog/view/theme/mycustomtheme/template/common/home.tpl on line 19
2016-11-10 22:27:24 - PHP Notice:  Undefined variable: heading_title in /Applications/MAMP/htdocs/opencart/catalog/view/theme/mycustomtheme/template/common/home.tpl on line 19
2016-11-10 22:27:30 - PHP Notice:  Undefined variable: heading_title in /Applications/MAMP/htdocs/opencart/catalog/view/theme/mycustomtheme/template/common/home.tpl on line 19
2016-11-10 22:27:45 - PHP Notice:  Undefined variable: heading_title in /Applications/MAMP/htdocs/opencart/catalog/view/theme/mycustomtheme/template/common/home.tpl on line 19
2016-11-10 22:28:17 - PHP Notice:  Undefined variable: heading_title in /Applications/MAMP/htdocs/opencart/catalog/view/theme/mycustomtheme/template/common/home.tpl on line 19
2016-11-10 22:28:30 - PHP Notice:  Undefined variable: heading_title in /Applications/MAMP/htdocs/opencart/catalog/view/theme/mycustomtheme/template/common/home.tpl on line 19
2016-11-10 22:28:51 - PHP Notice:  Undefined variable: heading_title in /Applications/MAMP/htdocs/opencart/catalog/view/theme/mycustomtheme/template/common/home.tpl on line 19
2016-11-10 22:29:04 - PHP Notice:  Undefined variable: heading_title in /Applications/MAMP/htdocs/opencart/catalog/view/theme/mycustomtheme/template/common/home.tpl on line 19
2016-11-10 22:29:14 - PHP Notice:  Undefined variable: heading_title in /Applications/MAMP/htdocs/opencart/catalog/view/theme/mycustomtheme/template/common/home.tpl on line 19
2016-11-10 22:29:32 - PHP Notice:  Undefined variable: heading_title in /Applications/MAMP/htdocs/opencart/catalog/view/theme/mycustomtheme/template/common/home.tpl on line 19
2016-11-10 22:29:45 - PHP Notice:  Undefined variable: heading_title in /Applications/MAMP/htdocs/opencart/catalog/view/theme/mycustomtheme/template/common/home.tpl on line 19
2016-11-10 22:30:02 - PHP Notice:  Undefined variable: heading_title in /Applications/MAMP/htdocs/opencart/catalog/view/theme/mycustomtheme/template/common/home.tpl on line 19
2016-11-10 22:30:17 - PHP Notice:  Undefined variable: heading_title in /Applications/MAMP/htdocs/opencart/catalog/view/theme/mycustomtheme/template/common/home.tpl on line 19
2016-11-10 22:30:19 - PHP Notice:  Undefined variable: heading_title in /Applications/MAMP/htdocs/opencart/catalog/view/theme/mycustomtheme/template/common/home.tpl on line 19
2016-11-10 22:30:27 - PHP Notice:  Undefined variable: heading_title in /Applications/MAMP/htdocs/opencart/catalog/view/theme/mycustomtheme/template/common/home.tpl on line 19
2016-11-10 22:30:38 - PHP Notice:  Undefined variable: heading_title in /Applications/MAMP/htdocs/opencart/catalog/view/theme/mycustomtheme/template/common/home.tpl on line 19
2016-11-10 22:30:45 - PHP Notice:  Undefined variable: heading_title in /Applications/MAMP/htdocs/opencart/catalog/view/theme/mycustomtheme/template/common/home.tpl on line 19
2016-11-10 22:30:58 - PHP Notice:  Undefined variable: heading_title in /Applications/MAMP/htdocs/opencart/catalog/view/theme/mycustomtheme/template/common/home.tpl on line 19
2016-11-10 22:31:17 - PHP Notice:  Undefined variable: heading_title in /Applications/MAMP/htdocs/opencart/catalog/view/theme/mycustomtheme/template/common/home.tpl on line 19
2016-11-10 22:31:29 - PHP Notice:  Undefined variable: heading_title in /Applications/MAMP/htdocs/opencart/catalog/view/theme/mycustomtheme/template/common/home.tpl on line 19
2016-11-10 22:31:41 - PHP Notice:  Undefined variable: heading_title in /Applications/MAMP/htdocs/opencart/catalog/view/theme/mycustomtheme/template/common/home.tpl on line 19
2016-11-10 22:31:54 - PHP Notice:  Undefined variable: heading_title in /Applications/MAMP/htdocs/opencart/catalog/view/theme/mycustomtheme/template/common/home.tpl on line 19
2016-11-10 22:32:11 - PHP Notice:  Undefined variable: heading_title in /Applications/MAMP/htdocs/opencart/catalog/view/theme/mycustomtheme/template/common/home.tpl on line 19
2016-11-10 22:32:39 - PHP Notice:  Undefined variable: heading_title in /Applications/MAMP/htdocs/opencart/catalog/view/theme/mycustomtheme/template/common/home.tpl on line 19
2016-11-10 22:33:11 - PHP Notice:  Undefined variable: heading_title in /Applications/MAMP/htdocs/opencart/catalog/view/theme/mycustomtheme/template/common/home.tpl on line 19
2016-11-10 22:33:58 - PHP Notice:  Undefined variable: heading_title in /Applications/MAMP/htdocs/opencart/catalog/view/theme/mycustomtheme/template/common/home.tpl on line 19
2016-11-10 22:34:34 - PHP Notice:  Undefined variable: heading_title in /Applications/MAMP/htdocs/opencart/catalog/view/theme/mycustomtheme/template/common/home.tpl on line 19
2016-11-10 22:36:09 - PHP Notice:  Undefined variable: heading_title in /Applications/MAMP/htdocs/opencart/catalog/view/theme/mycustomtheme/template/common/home.tpl on line 19
2016-11-10 22:37:40 - PHP Notice:  Undefined variable: heading_title in /Applications/MAMP/htdocs/opencart/catalog/view/theme/mycustomtheme/template/common/home.tpl on line 19
2016-11-10 22:37:46 - PHP Notice:  Undefined variable: heading_title in /Applications/MAMP/htdocs/opencart/catalog/view/theme/mycustomtheme/template/common/home.tpl on line 19
2016-11-10 22:37:53 - PHP Notice:  Undefined variable: heading_title in /Applications/MAMP/htdocs/opencart/catalog/view/theme/mycustomtheme/template/common/home.tpl on line 19
2016-11-10 22:42:24 - PHP Notice:  Undefined variable: heading_title in /Applications/MAMP/htdocs/opencart/catalog/view/theme/mycustomtheme/template/common/home.tpl on line 19
2016-11-10 22:42:32 - PHP Notice:  Undefined variable: heading_title in /Applications/MAMP/htdocs/opencart/catalog/view/theme/mycustomtheme/template/common/home.tpl on line 19
2016-11-10 22:42:45 - PHP Notice:  Undefined variable: heading_title in /Applications/MAMP/htdocs/opencart/catalog/view/theme/mycustomtheme/template/common/home.tpl on line 19
2016-11-10 22:43:31 - PHP Notice:  Undefined variable: heading_title in /Applications/MAMP/htdocs/opencart/catalog/view/theme/mycustomtheme/template/common/home.tpl on line 19
2016-11-10 22:43:35 - PHP Notice:  Undefined variable: heading_title in /Applications/MAMP/htdocs/opencart/catalog/view/theme/mycustomtheme/template/common/home.tpl on line 19
2016-11-10 22:44:02 - PHP Notice:  Undefined variable: heading_title in /Applications/MAMP/htdocs/opencart/catalog/view/theme/mycustomtheme/template/common/home.tpl on line 19
2016-11-10 22:45:12 - PHP Notice:  Undefined variable: heading_title in /Applications/MAMP/htdocs/opencart/catalog/view/theme/mycustomtheme/template/common/home.tpl on line 19
2016-11-10 22:53:27 - PHP Notice:  Undefined variable: heading_title in /Applications/MAMP/htdocs/opencart/catalog/view/theme/mycustomtheme/template/common/home.tpl on line 19
2016-11-10 22:54:16 - PHP Notice:  Undefined variable: heading_title in /Applications/MAMP/htdocs/opencart/catalog/view/theme/mycustomtheme/template/common/home.tpl on line 19
2016-11-10 22:55:34 - PHP Notice:  Undefined variable: heading_title in /Applications/MAMP/htdocs/opencart/catalog/view/theme/mycustomtheme/template/common/home.tpl on line 19
2016-11-10 22:56:44 - PHP Notice:  Undefined variable: heading_title in /Applications/MAMP/htdocs/opencart/catalog/view/theme/mycustomtheme/template/common/home.tpl on line 19
2016-11-10 23:09:42 - PHP Notice:  Undefined variable: heading_title in /Applications/MAMP/htdocs/opencart/catalog/view/theme/mycustomtheme/template/common/home.tpl on line 19
2016-11-10 23:11:19 - PHP Notice:  Undefined variable: heading_title in /Applications/MAMP/htdocs/opencart/catalog/view/theme/mycustomtheme/template/common/home.tpl on line 19
2016-11-10 23:11:42 - PHP Notice:  Undefined variable: heading_title in /Applications/MAMP/htdocs/opencart/catalog/view/theme/mycustomtheme/template/common/home.tpl on line 19
2016-11-10 23:22:36 - PHP Notice:  Undefined variable: heading_title in /Applications/MAMP/htdocs/opencart/catalog/view/theme/mycustomtheme/template/common/home.tpl on line 19
2016-11-10 23:26:44 - PHP Notice:  Undefined variable: heading_title in /Applications/MAMP/htdocs/opencart/catalog/view/theme/mycustomtheme/template/common/home.tpl on line 19
2016-11-10 23:27:13 - PHP Notice:  Undefined variable: heading_title in /Applications/MAMP/htdocs/opencart/catalog/view/theme/mycustomtheme/template/common/home.tpl on line 19
2016-11-10 23:43:29 - PHP Notice:  Undefined variable: heading_title in /Applications/MAMP/htdocs/opencart/catalog/view/theme/mycustomtheme/template/common/home.tpl on line 19
2016-11-10 23:44:07 - PHP Notice:  Undefined variable: heading_title in /Applications/MAMP/htdocs/opencart/catalog/view/theme/mycustomtheme/template/common/home.tpl on line 19
2016-11-10 23:45:53 - PHP Notice:  Undefined variable: heading_title in /Applications/MAMP/htdocs/opencart/catalog/view/theme/mycustomtheme/template/common/home.tpl on line 19
2016-11-11 0:07:54 - PHP Notice:  Undefined variable: heading_title in /Applications/MAMP/htdocs/opencart/catalog/view/theme/mycustomtheme/template/common/home.tpl on line 19
2016-11-11 19:32:55 - PHP Notice:  Undefined variable: heading_title in /Applications/MAMP/htdocs/opencart/catalog/view/theme/mycustomtheme/template/common/home.tpl on line 19
2016-11-11 20:46:59 - PHP Notice:  Undefined variable: heading_title in /Applications/MAMP/htdocs/opencart/catalog/view/theme/mycustomtheme/template/common/home.tpl on line 20
2016-11-11 22:21:43 - PHP Notice:  Undefined index: children in /Applications/MAMP/htdocs/opencart/catalog/view/theme/mycustomtheme/template/extension/module/category.tpl on line 12
2016-11-11 22:21:43 - PHP Notice:  Undefined index: children in /Applications/MAMP/htdocs/opencart/catalog/view/theme/mycustomtheme/template/extension/module/category.tpl on line 12
2016-11-11 22:21:43 - PHP Notice:  Undefined index: children in /Applications/MAMP/htdocs/opencart/catalog/view/theme/mycustomtheme/template/extension/module/category.tpl on line 12
2016-11-11 22:21:43 - PHP Notice:  Undefined index: children in /Applications/MAMP/htdocs/opencart/catalog/view/theme/mycustomtheme/template/extension/module/category.tpl on line 12
2016-11-11 22:21:43 - PHP Notice:  Undefined index: children in /Applications/MAMP/htdocs/opencart/catalog/view/theme/mycustomtheme/template/extension/module/category.tpl on line 12
2016-11-11 22:21:43 - PHP Notice:  Undefined index: children in /Applications/MAMP/htdocs/opencart/catalog/view/theme/mycustomtheme/template/extension/module/category.tpl on line 12
2016-11-11 22:21:43 - PHP Notice:  Undefined index: children in /Applications/MAMP/htdocs/opencart/catalog/view/theme/mycustomtheme/template/extension/module/category.tpl on line 12
2016-11-11 22:21:43 - PHP Notice:  Undefined index: children in /Applications/MAMP/htdocs/opencart/catalog/view/theme/mycustomtheme/template/extension/module/category.tpl on line 12
2016-11-11 22:56:53 - PHP Notice:  Undefined index: children in /Applications/MAMP/htdocs/opencart/catalog/view/theme/mycustomtheme/template/extension/module/category.tpl on line 12
2016-11-11 22:56:53 - PHP Notice:  Undefined index: children in /Applications/MAMP/htdocs/opencart/catalog/view/theme/mycustomtheme/template/extension/module/category.tpl on line 12
2016-11-11 22:56:53 - PHP Notice:  Undefined index: children in /Applications/MAMP/htdocs/opencart/catalog/view/theme/mycustomtheme/template/extension/module/category.tpl on line 12
2016-11-11 22:56:53 - PHP Notice:  Undefined index: children in /Applications/MAMP/htdocs/opencart/catalog/view/theme/mycustomtheme/template/extension/module/category.tpl on line 12
2016-11-11 22:56:53 - PHP Notice:  Undefined index: children in /Applications/MAMP/htdocs/opencart/catalog/view/theme/mycustomtheme/template/extension/module/category.tpl on line 12
2016-11-11 22:56:53 - PHP Notice:  Undefined index: children in /Applications/MAMP/htdocs/opencart/catalog/view/theme/mycustomtheme/template/extension/module/category.tpl on line 12
2016-11-11 22:56:53 - PHP Notice:  Undefined index: children in /Applications/MAMP/htdocs/opencart/catalog/view/theme/mycustomtheme/template/extension/module/category.tpl on line 12
2016-11-11 22:56:53 - PHP Notice:  Undefined index: children in /Applications/MAMP/htdocs/opencart/catalog/view/theme/mycustomtheme/template/extension/module/category.tpl on line 12
2016-11-11 22:59:19 - PHP Notice:  Undefined index: children in /Applications/MAMP/htdocs/opencart/catalog/view/theme/mycustomtheme/template/extension/module/category.tpl on line 12
2016-11-11 22:59:19 - PHP Notice:  Undefined index: children in /Applications/MAMP/htdocs/opencart/catalog/view/theme/mycustomtheme/template/extension/module/category.tpl on line 12
2016-11-11 22:59:19 - PHP Notice:  Undefined index: children in /Applications/MAMP/htdocs/opencart/catalog/view/theme/mycustomtheme/template/extension/module/category.tpl on line 12
2016-11-11 22:59:19 - PHP Notice:  Undefined index: children in /Applications/MAMP/htdocs/opencart/catalog/view/theme/mycustomtheme/template/extension/module/category.tpl on line 12
2016-11-11 22:59:19 - PHP Notice:  Undefined index: children in /Applications/MAMP/htdocs/opencart/catalog/view/theme/mycustomtheme/template/extension/module/category.tpl on line 12
2016-11-11 22:59:19 - PHP Notice:  Undefined index: children in /Applications/MAMP/htdocs/opencart/catalog/view/theme/mycustomtheme/template/extension/module/category.tpl on line 12
2016-11-11 22:59:19 - PHP Notice:  Undefined index: children in /Applications/MAMP/htdocs/opencart/catalog/view/theme/mycustomtheme/template/extension/module/category.tpl on line 12
2016-11-11 22:59:19 - PHP Notice:  Undefined index: children in /Applications/MAMP/htdocs/opencart/catalog/view/theme/mycustomtheme/template/extension/module/category.tpl on line 12
2016-11-11 22:59:42 - PHP Notice:  Undefined variable: children_data_2 in /Applications/MAMP/htdocs/opencart/catalog/controller/extension/module/category.php on line 65
2016-11-11 22:59:42 - PHP Notice:  Undefined variable: children_data_2 in /Applications/MAMP/htdocs/opencart/catalog/controller/extension/module/category.php on line 65
2016-11-11 22:59:42 - PHP Notice:  Undefined variable: children_data_2 in /Applications/MAMP/htdocs/opencart/catalog/controller/extension/module/category.php on line 65
2016-11-11 22:59:42 - PHP Notice:  Undefined variable: children_data_2 in /Applications/MAMP/htdocs/opencart/catalog/controller/extension/module/category.php on line 65
2016-11-11 22:59:42 - PHP Notice:  Undefined variable: children_data_2 in /Applications/MAMP/htdocs/opencart/catalog/controller/extension/module/category.php on line 65
2016-11-11 22:59:42 - PHP Notice:  Undefined variable: children_data_2 in /Applications/MAMP/htdocs/opencart/catalog/controller/extension/module/category.php on line 65
2016-11-11 22:59:42 - PHP Notice:  Undefined variable: children_data_2 in /Applications/MAMP/htdocs/opencart/catalog/controller/extension/module/category.php on line 65
2016-11-11 22:59:56 - PHP Notice:  Undefined variable: children_data_2 in /Applications/MAMP/htdocs/opencart/catalog/controller/extension/module/category.php on line 65
2016-11-11 22:59:56 - PHP Notice:  Undefined variable: children_data_2 in /Applications/MAMP/htdocs/opencart/catalog/controller/extension/module/category.php on line 65
2016-11-11 22:59:56 - PHP Notice:  Undefined variable: children_data_2 in /Applications/MAMP/htdocs/opencart/catalog/controller/extension/module/category.php on line 65
2016-11-11 22:59:56 - PHP Notice:  Undefined variable: children_data_2 in /Applications/MAMP/htdocs/opencart/catalog/controller/extension/module/category.php on line 65
2016-11-11 22:59:56 - PHP Notice:  Undefined variable: children_data_2 in /Applications/MAMP/htdocs/opencart/catalog/controller/extension/module/category.php on line 65
2016-11-11 22:59:56 - PHP Notice:  Undefined variable: children_data_2 in /Applications/MAMP/htdocs/opencart/catalog/controller/extension/module/category.php on line 65
2016-11-11 22:59:56 - PHP Notice:  Undefined variable: children_data_2 in /Applications/MAMP/htdocs/opencart/catalog/controller/extension/module/category.php on line 65
2016-11-11 23:03:01 - PHP Notice:  Undefined variable: children_data_2 in /Applications/MAMP/htdocs/opencart/catalog/controller/extension/module/category.php on line 65
2016-11-11 23:03:01 - PHP Notice:  Undefined variable: children_data_2 in /Applications/MAMP/htdocs/opencart/catalog/controller/extension/module/category.php on line 65
2016-11-11 23:03:01 - PHP Notice:  Undefined variable: children_data_2 in /Applications/MAMP/htdocs/opencart/catalog/controller/extension/module/category.php on line 65
2016-11-11 23:03:01 - PHP Notice:  Undefined variable: children_data_2 in /Applications/MAMP/htdocs/opencart/catalog/controller/extension/module/category.php on line 65
2016-11-11 23:03:01 - PHP Notice:  Undefined variable: children_data_2 in /Applications/MAMP/htdocs/opencart/catalog/controller/extension/module/category.php on line 65
2016-11-11 23:03:01 - PHP Notice:  Undefined variable: children_data_2 in /Applications/MAMP/htdocs/opencart/catalog/controller/extension/module/category.php on line 65
2016-11-11 23:03:01 - PHP Notice:  Undefined variable: children_data_2 in /Applications/MAMP/htdocs/opencart/catalog/controller/extension/module/category.php on line 65
2016-11-11 23:03:56 - PHP Notice:  Undefined variable: children_data_2 in /Applications/MAMP/htdocs/opencart/catalog/controller/extension/module/category.php on line 65
2016-11-11 23:03:56 - PHP Notice:  Undefined variable: children_data_2 in /Applications/MAMP/htdocs/opencart/catalog/controller/extension/module/category.php on line 65
2016-11-11 23:03:56 - PHP Notice:  Undefined variable: children_data_2 in /Applications/MAMP/htdocs/opencart/catalog/controller/extension/module/category.php on line 65
2016-11-11 23:03:56 - PHP Notice:  Undefined variable: children_data_2 in /Applications/MAMP/htdocs/opencart/catalog/controller/extension/module/category.php on line 65
2016-11-11 23:03:56 - PHP Notice:  Undefined variable: children_data_2 in /Applications/MAMP/htdocs/opencart/catalog/controller/extension/module/category.php on line 65
2016-11-11 23:03:56 - PHP Notice:  Undefined variable: children_data_2 in /Applications/MAMP/htdocs/opencart/catalog/controller/extension/module/category.php on line 65
2016-11-11 23:03:56 - PHP Notice:  Undefined variable: children_data_2 in /Applications/MAMP/htdocs/opencart/catalog/controller/extension/module/category.php on line 65
2016-11-11 23:04:04 - PHP Notice:  Undefined variable: children_data_2 in /Applications/MAMP/htdocs/opencart/catalog/controller/extension/module/category.php on line 65
2016-11-11 23:04:04 - PHP Notice:  Undefined variable: children_data_2 in /Applications/MAMP/htdocs/opencart/catalog/controller/extension/module/category.php on line 65
2016-11-11 23:04:04 - PHP Notice:  Undefined variable: children_data_2 in /Applications/MAMP/htdocs/opencart/catalog/controller/extension/module/category.php on line 65
2016-11-11 23:04:04 - PHP Notice:  Undefined variable: children_data_2 in /Applications/MAMP/htdocs/opencart/catalog/controller/extension/module/category.php on line 65
2016-11-11 23:04:04 - PHP Notice:  Undefined variable: children_data_2 in /Applications/MAMP/htdocs/opencart/catalog/controller/extension/module/category.php on line 65
2016-11-11 23:04:04 - PHP Notice:  Undefined variable: children_data_2 in /Applications/MAMP/htdocs/opencart/catalog/controller/extension/module/category.php on line 65
2016-11-11 23:04:04 - PHP Notice:  Undefined variable: children_data_2 in /Applications/MAMP/htdocs/opencart/catalog/controller/extension/module/category.php on line 65
2016-11-11 23:04:59 - PHP Notice:  Undefined variable: children_data_2 in /Applications/MAMP/htdocs/opencart/catalog/controller/extension/module/category.php on line 65
2016-11-11 23:04:59 - PHP Notice:  Undefined variable: children_data_2 in /Applications/MAMP/htdocs/opencart/catalog/controller/extension/module/category.php on line 65
2016-11-11 23:04:59 - PHP Notice:  Undefined variable: children_data_2 in /Applications/MAMP/htdocs/opencart/catalog/controller/extension/module/category.php on line 65
2016-11-11 23:04:59 - PHP Notice:  Undefined variable: children_data_2 in /Applications/MAMP/htdocs/opencart/catalog/controller/extension/module/category.php on line 65
2016-11-11 23:04:59 - PHP Notice:  Undefined variable: children_data_2 in /Applications/MAMP/htdocs/opencart/catalog/controller/extension/module/category.php on line 65
2016-11-11 23:04:59 - PHP Notice:  Undefined variable: children_data_2 in /Applications/MAMP/htdocs/opencart/catalog/controller/extension/module/category.php on line 65
2016-11-11 23:04:59 - PHP Notice:  Undefined variable: children_data_2 in /Applications/MAMP/htdocs/opencart/catalog/controller/extension/module/category.php on line 65
2016-11-11 23:07:13 - PHP Notice:  Undefined variable: children_data_2 in /Applications/MAMP/htdocs/opencart/catalog/controller/extension/module/category.php on line 65
2016-11-11 23:07:14 - PHP Notice:  Undefined variable: children_data_2 in /Applications/MAMP/htdocs/opencart/catalog/controller/extension/module/category.php on line 65
2016-11-11 23:07:14 - PHP Notice:  Undefined variable: children_data_2 in /Applications/MAMP/htdocs/opencart/catalog/controller/extension/module/category.php on line 65
2016-11-11 23:07:14 - PHP Notice:  Undefined variable: children_data_2 in /Applications/MAMP/htdocs/opencart/catalog/controller/extension/module/category.php on line 65
2016-11-11 23:07:14 - PHP Notice:  Undefined variable: children_data_2 in /Applications/MAMP/htdocs/opencart/catalog/controller/extension/module/category.php on line 65
2016-11-11 23:07:14 - PHP Notice:  Undefined variable: children_data_2 in /Applications/MAMP/htdocs/opencart/catalog/controller/extension/module/category.php on line 65
2016-11-11 23:07:14 - PHP Notice:  Undefined variable: children_data_2 in /Applications/MAMP/htdocs/opencart/catalog/controller/extension/module/category.php on line 65
2016-11-14 19:35:02 - PHP Notice:  Undefined variable: heading_title in /Applications/MAMP/htdocs/opencart/catalog/view/theme/mycustomtheme/template/common/home.tpl on line 19
2016-11-14 19:35:29 - PHP Notice:  Undefined variable: heading_title in /Applications/MAMP/htdocs/opencart/catalog/view/theme/mycustomtheme/template/common/home.tpl on line 19
2016-11-14 19:37:42 - PHP Notice:  Undefined variable: heading_title in /Applications/MAMP/htdocs/opencart/catalog/view/theme/mycustomtheme/template/common/home.tpl on line 19
2016-11-14 19:46:47 - PHP Notice:  Undefined variable: heading_title in /Applications/MAMP/htdocs/opencart/catalog/view/theme/mycustomtheme/template/common/home.tpl on line 19
2016-11-14 19:47:25 - PHP Notice:  Undefined variable: heading_title in /Applications/MAMP/htdocs/opencart/catalog/view/theme/mycustomtheme/template/common/home.tpl on line 19
<<<<<<< HEAD
2016-11-14 21:50:29 - PHP Notice:  Undefined variable: heading_title in C:\wamp64\www\VivienneHuOpenCart\catalog\view\theme\mycustomtheme\template\common\home.tpl on line 19
2016-11-14 22:02:06 - PHP Notice:  Undefined variable: heading_title in C:\wamp64\www\VivienneHuOpenCart\catalog\view\theme\mycustomtheme\template\common\home.tpl on line 19
2016-11-14 22:33:55 - PHP Notice:  Undefined variable: heading_title in C:\wamp64\www\VivienneHuOpenCart\catalog\view\theme\mycustomtheme\template\common\home.tpl on line 19
2016-11-15 0:56:23 - PHP Notice:  Undefined variable: heading_title in C:\wamp64\www\VivienneHuOpenCart\catalog\view\theme\mycustomtheme\template\common\home.tpl on line 19
=======
2016-11-14 21:37:39 - PHP Notice:  Undefined variable: heading_title in /Applications/MAMP/htdocs/opencart/catalog/view/theme/mycustomtheme/template/common/home.tpl on line 19
2016-11-14 21:39:43 - PHP Notice:  Undefined variable: heading_title in /Applications/MAMP/htdocs/opencart/catalog/view/theme/mycustomtheme/template/common/home.tpl on line 19
2016-11-14 21:39:47 - PHP Notice:  Undefined variable: heading_title in /Applications/MAMP/htdocs/opencart/catalog/view/theme/mycustomtheme/template/common/home.tpl on line 19
2016-11-14 21:39:57 - PHP Notice:  Undefined variable: heading_title in /Applications/MAMP/htdocs/opencart/catalog/view/theme/mycustomtheme/template/common/home.tpl on line 19
2016-11-14 21:40:04 - PHP Notice:  Undefined variable: heading_title in /Applications/MAMP/htdocs/opencart/catalog/view/theme/mycustomtheme/template/common/home.tpl on line 19
2016-11-14 21:40:11 - PHP Notice:  Undefined variable: heading_title in /Applications/MAMP/htdocs/opencart/catalog/view/theme/mycustomtheme/template/common/home.tpl on line 19
2016-11-14 21:40:14 - PHP Notice:  Undefined variable: heading_title in /Applications/MAMP/htdocs/opencart/catalog/view/theme/mycustomtheme/template/common/home.tpl on line 19
2016-11-14 21:40:22 - PHP Notice:  Undefined variable: heading_title in /Applications/MAMP/htdocs/opencart/catalog/view/theme/mycustomtheme/template/common/home.tpl on line 19
2016-11-14 21:40:35 - PHP Notice:  Undefined variable: heading_title in /Applications/MAMP/htdocs/opencart/catalog/view/theme/mycustomtheme/template/common/home.tpl on line 19
2016-11-14 21:40:51 - PHP Notice:  Undefined variable: heading_title in /Applications/MAMP/htdocs/opencart/catalog/view/theme/mycustomtheme/template/common/home.tpl on line 19
2016-11-14 21:41:25 - PHP Notice:  Undefined variable: heading_title in /Applications/MAMP/htdocs/opencart/catalog/view/theme/mycustomtheme/template/common/home.tpl on line 19
2016-11-14 21:42:00 - PHP Notice:  Undefined variable: heading_title in /Applications/MAMP/htdocs/opencart/catalog/view/theme/mycustomtheme/template/common/home.tpl on line 19
2016-11-14 21:42:18 - PHP Notice:  Undefined variable: heading_title in /Applications/MAMP/htdocs/opencart/catalog/view/theme/mycustomtheme/template/common/home.tpl on line 19
2016-11-14 21:43:59 - PHP Notice:  Undefined variable: heading_title in /Applications/MAMP/htdocs/opencart/catalog/view/theme/mycustomtheme/template/common/home.tpl on line 19
2016-11-14 21:47:25 - PHP Notice:  Undefined variable: heading_title in /Applications/MAMP/htdocs/opencart/catalog/view/theme/mycustomtheme/template/common/home.tpl on line 19
2016-11-14 21:48:22 - PHP Notice:  Undefined variable: heading_title in /Applications/MAMP/htdocs/opencart/catalog/view/theme/mycustomtheme/template/common/home.tpl on line 19
2016-11-14 22:01:59 - PHP Notice:  Undefined variable: heading_title in /Applications/MAMP/htdocs/opencart/catalog/view/theme/mycustomtheme/template/common/home.tpl on line 19
2016-11-14 22:08:42 - PHP Notice:  Undefined variable: heading_title in /Applications/MAMP/htdocs/opencart/catalog/view/theme/mycustomtheme/template/common/home.tpl on line 19
2016-11-14 22:10:08 - PHP Notice:  Undefined variable: heading_title in /Applications/MAMP/htdocs/opencart/catalog/view/theme/mycustomtheme/template/common/home.tpl on line 19
2016-11-14 22:10:46 - PHP Notice:  Undefined variable: heading_title in /Applications/MAMP/htdocs/opencart/catalog/view/theme/mycustomtheme/template/common/home.tpl on line 19
2016-11-14 22:10:49 - PHP Notice:  Undefined variable: heading_title in /Applications/MAMP/htdocs/opencart/catalog/view/theme/mycustomtheme/template/common/home.tpl on line 19
2016-11-14 22:11:18 - PHP Notice:  Undefined variable: heading_title in /Applications/MAMP/htdocs/opencart/catalog/view/theme/mycustomtheme/template/common/home.tpl on line 19
2016-11-14 22:26:24 - PHP Notice:  Undefined variable: heading_title in /Applications/MAMP/htdocs/opencart/catalog/view/theme/mycustomtheme/template/common/home.tpl on line 19
2016-11-14 22:26:47 - PHP Notice:  Undefined variable: heading_title in /Applications/MAMP/htdocs/opencart/catalog/view/theme/mycustomtheme/template/common/home.tpl on line 19
2016-11-14 22:27:08 - PHP Notice:  Undefined variable: heading_title in /Applications/MAMP/htdocs/opencart/catalog/view/theme/mycustomtheme/template/common/home.tpl on line 19
2016-11-14 22:27:11 - PHP Notice:  Undefined variable: heading_title in /Applications/MAMP/htdocs/opencart/catalog/view/theme/mycustomtheme/template/common/home.tpl on line 19
2016-11-14 22:27:24 - PHP Notice:  Undefined variable: heading_title in /Applications/MAMP/htdocs/opencart/catalog/view/theme/mycustomtheme/template/common/home.tpl on line 19
2016-11-14 22:27:26 - PHP Notice:  Undefined variable: heading_title in /Applications/MAMP/htdocs/opencart/catalog/view/theme/mycustomtheme/template/common/home.tpl on line 19
2016-11-14 22:34:31 - PHP Notice:  Undefined variable: heading_title in /Applications/MAMP/htdocs/opencart/catalog/view/theme/mycustomtheme/template/common/home.tpl on line 19
2016-11-14 22:35:00 - PHP Notice:  Undefined variable: heading_title in /Applications/MAMP/htdocs/opencart/catalog/view/theme/mycustomtheme/template/common/home.tpl on line 19
>>>>>>> 04d0a306b7d4ba5ad3c0f95c952601ee4e0f21de
2016-11-15 1:12:16 - PHP Notice:  Undefined variable: heading_title in C:\wamp64\www\VivienneHuOpenCart\catalog\view\theme\mycustomtheme\template\common\home.tpl on line 19
2016-11-15 16:57:21 - PHP Notice:  Undefined variable: heading_title in C:\wamp64\www\VivienneHuOpenCart\catalog\view\theme\mycustomtheme\template\common\home.tpl on line 19
2016-11-15 17:00:42 - PHP Notice:  Undefined variable: heading_title in C:\wamp64\www\VivienneHuOpenCart\catalog\view\theme\mycustomtheme\template\common\home.tpl on line 19
2016-11-15 17:13:44 - PHP Notice:  Undefined variable: heading_title in C:\wamp64\www\VivienneHuOpenCart\catalog\view\theme\mycustomtheme\template\common\home.tpl on line 19
2016-11-15 17:25:21 - PHP Notice:  Undefined variable: heading_title in C:\wamp64\www\VivienneHuOpenCart\catalog\view\theme\mycustomtheme\template\common\home.tpl on line 19
2016-11-15 17:29:57 - PHP Notice:  Undefined variable: heading_title in C:\wamp64\www\VivienneHuOpenCart\catalog\view\theme\mycustomtheme\template\common\home.tpl on line 19
2016-11-15 18:01:19 - PHP Notice:  Undefined variable: heading_title in C:\wamp64\www\VivienneHuOpenCart\catalog\view\theme\mycustomtheme\template\common\home.tpl on line 19
2016-11-15 18:05:42 - PHP Notice:  Undefined variable: heading_title in C:\wamp64\www\VivienneHuOpenCart\catalog\view\theme\mycustomtheme\template\common\home.tpl on line 19
2016-11-15 18:06:43 - PHP Notice:  Undefined variable: heading_title in C:\wamp64\www\VivienneHuOpenCart\catalog\view\theme\mycustomtheme\template\common\home.tpl on line 19
2016-11-15 18:22:06 - PHP Notice:  Undefined variable: heading_title in C:\wamp64\www\VivienneHuOpenCart\catalog\view\theme\mycustomtheme\template\common\home.tpl on line 19
2016-11-16 19:41:42 - PHP Notice:  Undefined variable: heading_title in /Applications/MAMP/htdocs/opencart/catalog/view/theme/mycustomtheme/template/common/home.tpl on line 19
2016-11-16 19:42:49 - PHP Notice:  Undefined variable: heading_title in /Applications/MAMP/htdocs/opencart/catalog/view/theme/mycustomtheme/template/common/home.tpl on line 37
2016-11-16 19:46:01 - PHP Notice:  Undefined variable: heading_title in /Applications/MAMP/htdocs/opencart/catalog/view/theme/mycustomtheme/template/common/home.tpl on line 37
2016-11-16 20:20:49 - PHP Notice:  Undefined variable: heading_title in /Applications/MAMP/htdocs/opencart/catalog/view/theme/mycustomtheme/template/common/home.tpl on line 37
2016-11-16 20:22:19 - PHP Notice:  Undefined variable: heading_title in /Applications/MAMP/htdocs/opencart/catalog/view/theme/mycustomtheme/template/common/home.tpl on line 37
2016-11-16 20:27:48 - PHP Notice:  Undefined variable: heading_title in /Applications/MAMP/htdocs/opencart/catalog/view/theme/mycustomtheme/template/common/home.tpl on line 37
2016-11-16 20:32:18 - PHP Notice:  Undefined variable: heading_title in /Applications/MAMP/htdocs/opencart/catalog/view/theme/mycustomtheme/template/common/home.tpl on line 37
2016-11-16 20:32:54 - PHP Notice:  Undefined variable: heading_title in /Applications/MAMP/htdocs/opencart/catalog/view/theme/mycustomtheme/template/common/home.tpl on line 33
2016-11-16 20:33:07 - PHP Notice:  Undefined variable: heading_title in /Applications/MAMP/htdocs/opencart/catalog/view/theme/mycustomtheme/template/common/home.tpl on line 29
2016-11-16 20:33:41 - PHP Notice:  Undefined variable: heading_title in /Applications/MAMP/htdocs/opencart/catalog/view/theme/mycustomtheme/template/common/home.tpl on line 28
2016-11-16 20:34:24 - PHP Notice:  Undefined variable: heading_title in /Applications/MAMP/htdocs/opencart/catalog/view/theme/mycustomtheme/template/common/home.tpl on line 28
2016-11-16 20:56:55 - PHP Notice:  Undefined variable: heading_title in /Applications/MAMP/htdocs/opencart/catalog/view/theme/mycustomtheme/template/common/home.tpl on line 28
2016-11-16 20:57:31 - PHP Notice:  Undefined variable: heading_title in /Applications/MAMP/htdocs/opencart/catalog/view/theme/mycustomtheme/template/common/home.tpl on line 28
2016-11-16 20:57:40 - PHP Notice:  Undefined variable: heading_title in /Applications/MAMP/htdocs/opencart/catalog/view/theme/mycustomtheme/template/common/home.tpl on line 28
2016-11-16 20:58:15 - PHP Notice:  Undefined variable: heading_title in /Applications/MAMP/htdocs/opencart/catalog/view/theme/mycustomtheme/template/common/home.tpl on line 28
2016-11-16 21:44:51 - PHP Notice:  Undefined variable: heading_title in /Applications/MAMP/htdocs/opencart/catalog/view/theme/mycustomtheme/template/common/home.tpl on line 28
2016-11-16 21:45:43 - PHP Notice:  Undefined variable: heading_title in /Applications/MAMP/htdocs/opencart/catalog/view/theme/mycustomtheme/template/common/home.tpl on line 28
2016-11-16 21:47:39 - PHP Notice:  Undefined variable: heading_title in /Applications/MAMP/htdocs/opencart/catalog/view/theme/mycustomtheme/template/common/home.tpl on line 28
2016-11-16 21:48:19 - PHP Notice:  Undefined variable: heading_title in /Applications/MAMP/htdocs/opencart/catalog/view/theme/mycustomtheme/template/common/home.tpl on line 28
2016-11-16 21:53:02 - PHP Notice:  Undefined variable: heading_title in /Applications/MAMP/htdocs/opencart/catalog/view/theme/mycustomtheme/template/common/home.tpl on line 28
2016-11-16 21:53:43 - PHP Notice:  Undefined variable: heading_title in /Applications/MAMP/htdocs/opencart/catalog/view/theme/mycustomtheme/template/common/home.tpl on line 28
2016-11-16 21:54:22 - PHP Notice:  Undefined variable: heading_title in /Applications/MAMP/htdocs/opencart/catalog/view/theme/mycustomtheme/template/common/home.tpl on line 28
2016-11-16 22:11:49 - PHP Notice:  Undefined variable: heading_title in /Applications/MAMP/htdocs/opencart/catalog/view/theme/mycustomtheme/template/common/home.tpl on line 28
2016-11-16 22:13:46 - PHP Notice:  Undefined variable: heading_title in /Applications/MAMP/htdocs/opencart/catalog/view/theme/mycustomtheme/template/common/home.tpl on line 28
2016-11-16 22:13:54 - PHP Notice:  Undefined variable: heading_title in /Applications/MAMP/htdocs/opencart/catalog/view/theme/mycustomtheme/template/common/home.tpl on line 28
2016-11-16 22:15:41 - PHP Notice:  Undefined variable: heading_title in /Applications/MAMP/htdocs/opencart/catalog/view/theme/mycustomtheme/template/common/home.tpl on line 28
2016-11-16 22:15:44 - PHP Notice:  Undefined variable: heading_title in /Applications/MAMP/htdocs/opencart/catalog/view/theme/mycustomtheme/template/common/home.tpl on line 28
2016-11-16 22:15:47 - PHP Notice:  Undefined variable: heading_title in /Applications/MAMP/htdocs/opencart/catalog/view/theme/mycustomtheme/template/common/home.tpl on line 28
2016-11-16 22:15:54 - PHP Notice:  Undefined variable: heading_title in /Applications/MAMP/htdocs/opencart/catalog/view/theme/mycustomtheme/template/common/home.tpl on line 28
2016-11-16 22:16:00 - PHP Notice:  Undefined variable: heading_title in /Applications/MAMP/htdocs/opencart/catalog/view/theme/mycustomtheme/template/common/home.tpl on line 28
2016-11-16 22:20:38 - PHP Notice:  Undefined variable: heading_title in /Applications/MAMP/htdocs/opencart/catalog/view/theme/mycustomtheme/template/common/home.tpl on line 28
2016-11-16 22:20:43 - PHP Notice:  Undefined variable: heading_title in /Applications/MAMP/htdocs/opencart/catalog/view/theme/mycustomtheme/template/common/home.tpl on line 28
2016-11-16 22:21:51 - PHP Notice:  Undefined variable: heading_title in /Applications/MAMP/htdocs/opencart/catalog/view/theme/mycustomtheme/template/common/home.tpl on line 28
2016-11-16 22:22:07 - PHP Notice:  Undefined variable: heading_title in /Applications/MAMP/htdocs/opencart/catalog/view/theme/mycustomtheme/template/common/home.tpl on line 28
2016-11-16 22:22:28 - PHP Notice:  Undefined variable: heading_title in /Applications/MAMP/htdocs/opencart/catalog/view/theme/mycustomtheme/template/common/home.tpl on line 28
2016-11-16 22:23:13 - PHP Notice:  Undefined variable: heading_title in /Applications/MAMP/htdocs/opencart/catalog/view/theme/mycustomtheme/template/common/home.tpl on line 28
2016-11-16 22:23:22 - PHP Notice:  Undefined variable: heading_title in /Applications/MAMP/htdocs/opencart/catalog/view/theme/mycustomtheme/template/common/home.tpl on line 28
2016-11-16 22:23:25 - PHP Notice:  Undefined variable: heading_title in /Applications/MAMP/htdocs/opencart/catalog/view/theme/mycustomtheme/template/common/home.tpl on line 28
2016-11-16 22:23:36 - PHP Notice:  Undefined variable: heading_title in /Applications/MAMP/htdocs/opencart/catalog/view/theme/mycustomtheme/template/common/home.tpl on line 28
2016-11-16 22:23:43 - PHP Notice:  Undefined variable: heading_title in /Applications/MAMP/htdocs/opencart/catalog/view/theme/mycustomtheme/template/common/home.tpl on line 28
2016-11-16 22:25:42 - PHP Notice:  Undefined variable: heading_title in /Applications/MAMP/htdocs/opencart/catalog/view/theme/mycustomtheme/template/common/home.tpl on line 28
2016-11-16 22:31:55 - PHP Notice:  Undefined variable: heading_title in /Applications/MAMP/htdocs/opencart/catalog/view/theme/mycustomtheme/template/common/home.tpl on line 28
2016-11-16 22:32:11 - PHP Notice:  Undefined variable: heading_title in /Applications/MAMP/htdocs/opencart/catalog/view/theme/mycustomtheme/template/common/home.tpl on line 28
2016-11-16 22:32:46 - PHP Notice:  Undefined variable: heading_title in /Applications/MAMP/htdocs/opencart/catalog/view/theme/mycustomtheme/template/common/home.tpl on line 28
2016-11-16 22:33:00 - PHP Notice:  Undefined variable: heading_title in /Applications/MAMP/htdocs/opencart/catalog/view/theme/mycustomtheme/template/common/home.tpl on line 28
2016-11-16 22:34:14 - PHP Notice:  Undefined variable: heading_title in /Applications/MAMP/htdocs/opencart/catalog/view/theme/mycustomtheme/template/common/home.tpl on line 28
2016-11-16 22:35:05 - PHP Notice:  Undefined variable: heading_title in /Applications/MAMP/htdocs/opencart/catalog/view/theme/mycustomtheme/template/common/home.tpl on line 28
2016-11-16 22:35:40 - PHP Notice:  Undefined variable: heading_title in /Applications/MAMP/htdocs/opencart/catalog/view/theme/mycustomtheme/template/common/home.tpl on line 28
2016-11-16 22:39:24 - PHP Notice:  Undefined variable: heading_title in /Applications/MAMP/htdocs/opencart/catalog/view/theme/mycustomtheme/template/common/home.tpl on line 28
2016-11-16 23:09:12 - PHP Notice:  Undefined variable: heading_title in /Applications/MAMP/htdocs/opencart/catalog/view/theme/mycustomtheme/template/common/home.tpl on line 28
2016-11-16 23:10:10 - PHP Notice:  Undefined variable: heading_title in /Applications/MAMP/htdocs/opencart/catalog/view/theme/mycustomtheme/template/common/home.tpl on line 28
2016-11-16 23:11:01 - PHP Notice:  Undefined variable: heading_title in /Applications/MAMP/htdocs/opencart/catalog/view/theme/mycustomtheme/template/common/home.tpl on line 28
2016-11-16 23:11:06 - PHP Notice:  Undefined variable: heading_title in /Applications/MAMP/htdocs/opencart/catalog/view/theme/mycustomtheme/template/common/home.tpl on line 28
2016-11-16 23:11:11 - PHP Notice:  Undefined variable: heading_title in /Applications/MAMP/htdocs/opencart/catalog/view/theme/mycustomtheme/template/common/home.tpl on line 28
2016-11-16 23:11:44 - PHP Notice:  Undefined variable: heading_title in /Applications/MAMP/htdocs/opencart/catalog/view/theme/mycustomtheme/template/common/home.tpl on line 28
2016-11-16 23:12:34 - PHP Notice:  Undefined variable: heading_title in /Applications/MAMP/htdocs/opencart/catalog/view/theme/mycustomtheme/template/common/home.tpl on line 28
2016-11-16 23:12:36 - PHP Notice:  Undefined variable: heading_title in /Applications/MAMP/htdocs/opencart/catalog/view/theme/mycustomtheme/template/common/home.tpl on line 28
2016-11-16 23:12:39 - PHP Notice:  Undefined variable: heading_title in /Applications/MAMP/htdocs/opencart/catalog/view/theme/mycustomtheme/template/common/home.tpl on line 28
2016-11-16 23:12:52 - PHP Notice:  Undefined variable: heading_title in /Applications/MAMP/htdocs/opencart/catalog/view/theme/mycustomtheme/template/common/home.tpl on line 28
2016-11-16 23:13:11 - PHP Notice:  Undefined variable: heading_title in /Applications/MAMP/htdocs/opencart/catalog/view/theme/mycustomtheme/template/common/home.tpl on line 28
2016-11-16 23:13:27 - PHP Notice:  Undefined variable: heading_title in /Applications/MAMP/htdocs/opencart/catalog/view/theme/mycustomtheme/template/common/home.tpl on line 28
2016-11-16 23:14:21 - PHP Notice:  Undefined variable: heading_title in /Applications/MAMP/htdocs/opencart/catalog/view/theme/mycustomtheme/template/common/home.tpl on line 28
2016-11-16 22:35:06 - PHP Notice:  Undefined variable: heading_title in C:\wamp64\www\VivienneHuOpenCart\catalog\view\theme\mycustomtheme\template\common\home.tpl on line 28
2016-11-16 22:38:03 - PHP Notice:  Undefined variable: heading_title in C:\wamp64\www\VivienneHuOpenCart\catalog\view\theme\mycustomtheme\template\common\home.tpl on line 30
